OMPL version 1.5.2
Experiment pendulum_benchmark
0 experiment properties
Running on 53807655f82c
Starting at 2023-11-03 03:35:24
<<<|
Properties of the state space 'CompoundSpace2'
  - signature: 6 0 2 2 1 1 1 
  - dimension: 2
  - extent: 23.1416
  - sanity checks for state space passed
  - probability of valid states: 1
  - average length of a valid motion: 7.49632
  - average number of samples drawn per second: sampleUniform()=5.37808e+06 sampleUniformNear()=4.96231e+06 sampleGaussian()=2.40703e+06
Settings for the state space 'CompoundSpace2'
  - state validity check resolution: 1%
  - valid segment count factor: 1
  - state space:
Compound state space 'CompoundSpace2' of dimension 2 [
SO2 state space 'SO2Space0'
 of weight 1
Real vector state space 'RealVectorSpace1' of dimension 1 with bounds: 
  - min: -10 
  - max: 10 
 of weight 1
]
Registered projections:
  - PendProj
Projection of dimension 2
Cell sizes (inferred by sampling): [0.343846 1.05417]
  - PendProjection
Projection of dimension 2
Cell sizes (inferred by sampling): [0.34301 1.08397]

Declared parameters:
longest_valid_segment_fraction = 0.01
max_control_duration = 10
min_control_duration = 1
projection.PendProj.cellsize.0 = 0.343846
projection.PendProj.cellsize.1 = 1.05417
projection.PendProj.cellsize_factor = 0
projection.PendProjection.cellsize.0 = 0.34301
projection.PendProjection.cellsize.1 = 1.08397
projection.PendProjection.cellsize_factor = 0
propagation_step_size = 0.05
valid_segment_count_factor = 1
Valid state sampler named uniform with parameters:
nr_attempts = 100
  - control space:
Real vector control space 'RealVectorControl[CompoundSpace2]' with bounds: 
  - min: -3 
  - max: 3 
  - can propagate backward: yes
  - propagation step size: 0.05
  - propagation duration: [1, 10]
Start states:
Compound state [
SO2State [-1.5708]
RealVectorState [0]
]
Goal state, threshold = 0.05, memory address = 0x562ebcf71ed0, state = 
Compound state [
SO2State [1.5708]
RealVectorState [0]
]
OptimizationObjective = nullptr
There are 0 solutions

Properties of benchmarked planners:
Planner RGRRT specs:
Multithreaded:                 No
Reports approximate solutions: Yes
Can optimize solutions:        No
Aware of the following parameters: goal_bias intermediate_states
Planner RRT specs:
Multithreaded:                 No
Reports approximate solutions: Yes
Can optimize solutions:        No
Aware of the following parameters: goal_bias intermediate_states
Planner KPIECE1 specs:
Multithreaded:                 No
Reports approximate solutions: Yes
Can optimize solutions:        No
Aware of the following parameters: bad_score_factor border_fraction goal_bias good_score_factor max_close_samples
|>>>
<<<|
Architecture:                       x86_64
CPU op-mode(s):                     32-bit, 64-bit
Byte Order:                         Little Endian
Address sizes:                      39 bits physical, 48 bits virtual
CPU(s):                             8
On-line CPU(s) list:                0-7
Thread(s) per core:                 2
Core(s) per socket:                 4
Socket(s):                          1
NUMA node(s):                       1
Vendor ID:                          GenuineIntel
CPU family:                         6
Model:                              94
Model name:                         Intel(R) Core(TM) i7-6700HQ CPU @ 2.60GHz
Stepping:                           3
CPU MHz:                            800.022
CPU max MHz:                        3500.0000
CPU min MHz:                        800.0000
BogoMIPS:                           5199.98
Virtualization:                     VT-x
L1d cache:                          128 KiB
L1i cache:                          128 KiB
L2 cache:                           1 MiB
L3 cache:                           6 MiB
NUMA node0 CPU(s):                  0-7
Vulnerability Gather data sampling: Not affected
Vulnerability Itlb multihit:        KVM: Mitigation: VMX disabled
Vulnerability L1tf:                 Mitigation; PTE Inversion; VMX conditional cache flushes, SMT vulnerable
Vulnerability Mds:                  Mitigation; Clear CPU buffers; SMT vulnerable
Vulnerability Meltdown:             Mitigation; PTI
Vulnerability Mmio stale data:      Mitigation; Clear CPU buffers; SMT vulnerable
Vulnerability Retbleed:             Mitigation; IBRS
Vulnerability Spec rstack overflow: Not affected
Vulnerability Spec store bypass:    Mitigation; Speculative Store Bypass disabled via prctl
Vulnerability Spectre v1:           Mitigation; usercopy/swapgs barriers and __user pointer sanitization
Vulnerability Spectre v2:           Mitigation; IBRS, IBPB conditional, STIBP conditional, RSB filling, PBRSB-eIBRS Not affected
Vulnerability Srbds:                Mitigation; Microcode
Vulnerability Tsx async abort:      Mitigation; TSX disabled
Flags:                              fpu vme de pse tsc msr pae mce cx8 apic sep mtrr pge mca cmov pat pse36 clflush dts acpi mmx fxsr sse sse2 ss ht tm pbe syscall nx pdpe1gb rdtscp lm constant_tsc art arch_perfmon pebs bts rep_good nopl xtopology nonstop_tsc cpuid aperfmperf pni pclmulqdq dtes64 monitor ds_cpl vmx est tm2 ssse3 sdbg fma cx16 xtpr pdcm pcid sse4_1 sse4_2 x2apic movbe popcnt tsc_deadline_timer aes xsave avx f16c rdrand lahf_lm abm 3dnowprefetch cpuid_fault epb invpcid_single pti ssbd ibrs ibpb stibp tpr_shadow vnmi flexpriority ept vpid ept_ad fsgsbase tsc_adjust bmi1 avx2 smep bmi2 erms invpcid mpx rdseed adx smap clflushopt intel_pt xsaveopt xsavec xgetbv1 xsaves dtherm ida arat pln pts hwp hwp_notify hwp_act_window hwp_epp md_clear flush_l1d arch_capabilities
|>>>
10922354561433979 is the random seed
60 seconds per run
5000 MB per run
20 runs per planner
17.8191 seconds spent to collect the data
1 enum type
status|Unknown status|Invalid start|Invalid goal|Unrecognized goal type|Timeout|Approximate solution|Exact solution|Crash|Unknown status|Unknown status
3 planners
control_RGRRT
13 common properties
goal_bias = 0.05
intermediate_states = 0
longest_valid_segment_fraction = 0.01
max_control_duration = 10
min_control_duration = 1
projection.PendProj.cellsize.0 = 0.343846
projection.PendProj.cellsize.1 = 1.05417
projection.PendProj.cellsize_factor = 0
projection.PendProjection.cellsize.0 = 0.34301
projection.PendProjection.cellsize.1 = 1.08397
projection.PendProjection.cellsize_factor = 0
propagation_step_size = 0.05
valid_segment_count_factor = 1
13 properties for each run
approximate solution BOOLEAN
correct solution BOOLEAN
graph motions INTEGER
graph states INTEGER
memory REAL
solution clearance REAL
solution difference REAL
solution length REAL
solution segments INTEGER
solved BOOLEAN
status ENUM
time REAL
valid segment fraction REAL
20 runs
0; 1; 2609; 2610; 16; 0; 0; 10.3; 33; 1; 6; 0.278756; 0; 
0; 1; 979; 980; 17; 0; 0; 8.2; 26; 1; 6; 0.0435769; 0; 
0; 1; 2418; 2419; 18.25; 0; 0; 9.4; 34; 1; 6; 0.161692; 0; 
0; 1; 3652; 3653; 23.375; 0; 0; 7.65; 28; 1; 6; 0.294916; 0; 
0; 1; 5690; 5691; 31.5; 0; 0; 5.65; 21; 1; 6; 0.698846; 0; 
0; 1; 2243; 2244; 32.9961; 0; 0; 7.55; 25; 1; 6; 0.205343; 0; 
0; 1; 1008; 1009; 32.9961; 0; 0; 6.55; 23; 1; 6; 0.06474; 0; 
0; 1; 2236; 2237; 32.9961; 0; 0; 7.3; 27; 1; 6; 0.188222; 0; 
0; 1; 2573; 2574; 32.9961; 0; 0; 10.1; 36; 1; 6; 0.190642; 0; 
0; 1; 1946; 1947; 32.9961; 0; 0; 7.6; 29; 1; 6; 0.149597; 0; 
0; 1; 1938; 1939; 32.9961; 0; 0; 7.8; 27; 1; 6; 0.1221; 0; 
0; 1; 1245; 1246; 32.9961; 0; 0; 7.85; 28; 1; 6; 0.0821312; 0; 
0; 1; 1088; 1089; 32.9961; 0; 0; 6; 20; 1; 6; 0.0615544; 0; 
0; 1; 3662; 3663; 39.1211; 0; 0; 6.8; 24; 1; 6; 0.230661; 0; 
0; 1; 2241; 2242; 40.2461; 0; 0; 10.5; 39; 1; 6; 0.164523; 0; 
0; 1; 738; 739; 40.2461; 0; 0; 9.6; 31; 1; 6; 0.0405081; 0; 
0; 1; 2535; 2536; 40.6211; 0; 0; 10.65; 38; 1; 6; 0.16112; 0; 
0; 1; 1630; 1631; 41.2461; 0; 0; 10.3; 34; 1; 6; 0.097103; 0; 
0; 1; 1733; 1734; 41.2461; 0; 0; 7.9; 26; 1; 6; 0.11454; 0; 
0; 1; 1293; 1294; 41.6211; 0; 0; 6.75; 22; 1; 6; 0.0699926; 0; 
.
control_RRT
13 common properties
goal_bias = 0.05
intermediate_states = 0
longest_valid_segment_fraction = 0.01
max_control_duration = 10
min_control_duration = 1
projection.PendProj.cellsize.0 = 0.343846
projection.PendProj.cellsize.1 = 1.05417
projection.PendProj.cellsize_factor = 0
projection.PendProjection.cellsize.0 = 0.34301
projection.PendProjection.cellsize.1 = 1.08397
projection.PendProjection.cellsize_factor = 0
propagation_step_size = 0.05
valid_segment_count_factor = 1
13 properties for each run
approximate solution BOOLEAN
correct solution BOOLEAN
graph motions INTEGER
graph states INTEGER
memory REAL
solution clearance REAL
solution difference REAL
solution length REAL
solution segments INTEGER
solved BOOLEAN
status ENUM
time REAL
valid segment fraction REAL
20 runs
0; 1; 2355; 2356; 41.6211; 0; 0; 8.45; 35; 1; 6; 0.0439829; 0; 
0; 1; 1119; 1120; 41.8711; 0; 0; 6.7; 23; 1; 6; 0.0196671; 0; 
0; 1; 9214; 9215; 41.8711; 0; 0; 7.6; 31; 1; 6; 0.166188; 0; 
0; 1; 1185; 1186; 43.457; 0; 0; 8.9; 30; 1; 6; 0.0199557; 0; 
0; 1; 2150; 2151; 43.457; 0; 0; 9.15; 32; 1; 6; 0.0340903; 0; 
0; 1; 19018; 19019; 43.832; 0; 0; 7.95; 28; 1; 6; 0.345765; 0; 
0; 1; 4153; 4154; 48.7617; 0; 0; 9.15; 33; 1; 6; 0.0751547; 0; 
0; 1; 4616; 4617; 48.7617; 0; 0; 8.95; 31; 1; 6; 0.0797551; 0; 
0; 1; 3487; 3488; 48.7617; 0; 0; 7.7; 26; 1; 6; 0.064467; 0; 
0; 1; 355; 356; 48.7617; 0; 0; 5.4; 17; 1; 6; 0.00684114; 0; 
0; 1; 11033; 11034; 48.7617; 0; 0; 8.9; 35; 1; 6; 0.194292; 0; 
0; 1; 3348; 3349; 48.7617; 0; 0; 8.3; 31; 1; 6; 0.0558706; 0; 
0; 1; 11702; 11703; 48.7617; 0; 0; 8.3; 30; 1; 6; 0.208044; 0; 
0; 1; 5157; 5158; 48.7617; 0; 0; 12.05; 36; 1; 6; 0.0918838; 0; 
0; 1; 12795; 12796; 48.7617; 0; 0; 9.05; 30; 1; 6; 0.231454; 0; 
0; 1; 2174; 2175; 48.7617; 0; 0; 8.3; 24; 1; 6; 0.0362846; 0; 
0; 1; 2346; 2347; 48.7617; 0; 0; 7.7; 31; 1; 6; 0.0351067; 0; 
0; 1; 4622; 4623; 48.7617; 0; 0; 11; 38; 1; 6; 0.0798726; 0; 
0; 1; 5059; 5060; 48.7617; 0; 0; 11.5; 40; 1; 6; 0.0980734; 0; 
0; 1; 449; 450; 48.7617; 0; 0; 5.9; 23; 1; 6; 0.00784594; 0; 
.
control_KPIECE1
16 common properties
bad_score_factor = 0.45
border_fraction = 0.8
goal_bias = 0.05
good_score_factor = 0.9
longest_valid_segment_fraction = 0.01
max_close_samples = 30
max_control_duration = 10
min_control_duration = 1
projection.PendProj.cellsize.0 = 0.343846
projection.PendProj.cellsize.1 = 1.05417
projection.PendProj.cellsize_factor = 0
projection.PendProjection.cellsize.0 = 0.34301
projection.PendProjection.cellsize.1 = 1.08397
projection.PendProjection.cellsize_factor = 0
propagation_step_size = 0.05
valid_segment_count_factor = 1
13 properties for each run
approximate solution BOOLEAN
correct solution BOOLEAN
graph motions INTEGER
graph states INTEGER
memory REAL
solution clearance REAL
solution difference REAL
solution length REAL
solution segments INTEGER
solved BOOLEAN
status ENUM
time REAL
valid segment fraction REAL
20 runs
0; 1; 14827; 14828; 48.7617; 0; 0; 8.95; 96; 1; 6; 0.200863; 0; 
0; 1; 1149; 1150; 48.7617; 0; 0; 8.15; 77; 1; 6; 0.0101889; 0; 
0; 1; 13275; 13276; 48.7617; 0; 0; 6.3; 60; 1; 6; 0.201664; 0; 
0; 1; 41090; 41091; 49.6367; 0; 0; 9.4; 90; 1; 6; 0.66088; 0; 
0; 1; 12005; 12006; 59.5664; 0; 0; 9.8; 100; 1; 6; 0.177263; 0; 
0; 1; 8998; 8999; 59.5664; 0; 0; 7.3; 71; 1; 6; 0.143568; 0; 
0; 1; 108992; 108993; 67.8164; 0; 0; 13.7; 118; 1; 6; 1.82642; 0; 
0; 1; 69622; 69623; 94.2031; 0; 0; 12.35; 143; 1; 6; 1.15156; 0; 
0; 1; 92871; 92872; 94.2031; 0; 0; 11.45; 107; 1; 6; 1.53948; 0; 
0; 1; 1171; 1172; 94.2031; 0; 0; 7.75; 68; 1; 6; 0.0134749; 0; 
0; 1; 689; 690; 94.2031; 0; 0; 7.15; 66; 1; 6; 0.00462199; 0; 
0; 1; 15925; 15926; 94.2031; 0; 0; 9.15; 94; 1; 6; 0.257184; 0; 
0; 1; 144243; 144244; 94.2031; 0; 0; 13.7; 119; 1; 6; 2.44744; 0; 
0; 1; 824; 825; 117.051; 0; 0; 7.5; 73; 1; 6; 0.00678855; 0; 
0; 1; 41234; 41235; 117.051; 0; 0; 8.95; 94; 1; 6; 0.667457; 0; 
0; 1; 12222; 12223; 117.051; 0; 0; 7.5; 80; 1; 6; 0.192325; 0; 
0; 1; 27829; 27830; 117.051; 0; 0; 8.9; 99; 1; 6; 0.455156; 0; 
0; 1; 3878; 3879; 117.051; 0; 0; 6.9; 72; 1; 6; 0.0405876; 0; 
0; 1; 8577; 8578; 117.051; 0; 0; 11.85; 127; 1; 6; 0.12006; 0; 
0; 1; 22840; 22841; 117.051; 0; 0; 7.2; 76; 1; 6; 0.337866; 0; 
.
