OMPL version 1.5.2
Experiment class/homotopy2.yml
0 experiment properties
Running on e0c7ddf888fd
Starting at 2023-09-14 20:01:25
<<<|
Properties of the state space 'RealVectorSpace0'
  - signature: 2 1 2 
  - dimension: 2
  - extent: 8.88577
  - sanity checks for state space passed
  - probability of valid states: 0.949
  - average length of a valid motion: 0.563365
  - average number of samples drawn per second: sampleUniform()=1.04235e+07 sampleUniformNear()=8.55981e+06 sampleGaussian()=4.86611e+06
Settings for the state space 'RealVectorSpace0'
  - state validity check resolution: 0.25%
  - valid segment count factor: 1
  - state space:
Real vector state space 'RealVectorSpace0' of dimension 2 with bounds: 
  - min: -3.14159 -3.14159 
  - max: 3.14159 3.14159 

Declared parameters:
longest_valid_segment_fraction = 0.0025
projection.cellsize.0 = 0.1
projection.cellsize.1 = 0.1
projection.cellsize_factor = 0
projection.link_2:R2.cellsize.0 = 0.1
projection.link_2:R2.cellsize.1 = 0.1
projection.link_2:R2.cellsize_factor = 0
projection.link_2:SE2.cellsize.0 = 0.1
projection.link_2:SE2.cellsize.1 = 0.1
projection.link_2:SE2.cellsize.2 = 0.1
projection.link_2:SE2.cellsize_factor = 0
valid_segment_count_factor = 1
Valid state sampler named uniform with parameters:
nr_attempts = 100
Start states:
link_1[   0.0000 ]
link_2[  -0.0000 ]

Goal state, threshold = 2.22045e-16, memory address = 0x557863f95c70, state = 
link_1[   1.2570 ]
link_2[  -1.3820 ]

OptimizationObjective = nullptr
There are 0 solutions

Properties of benchmarked planners:
Planner RRTConnect Range 5. specs:
Multithreaded:                 No
Reports approximate solutions: No
Can optimize solutions:        No
Aware of the following parameters: intermediate_states range
Planner RRTConnect Range 1. specs:
Multithreaded:                 No
Reports approximate solutions: No
Can optimize solutions:        No
Aware of the following parameters: intermediate_states range
Planner RRTConnect Range 0.1. specs:
Multithreaded:                 No
Reports approximate solutions: No
Can optimize solutions:        No
Aware of the following parameters: intermediate_states range
Planner RRT Range 5. specs:
Multithreaded:                 No
Reports approximate solutions: Yes
Can optimize solutions:        No
Aware of the following parameters: goal_bias intermediate_states range
Planner RRT Range 1. specs:
Multithreaded:                 No
Reports approximate solutions: No
Can optimize solutions:        No
Aware of the following parameters: intermediate_states range
Planner RRT Range 0.1. specs:
Multithreaded:                 No
Reports approximate solutions: Yes
Can optimize solutions:        No
Aware of the following parameters: goal_bias intermediate_states range
Planner KPIECE1 specs:
Multithreaded:                 No
Reports approximate solutions: Yes
Can optimize solutions:        No
Aware of the following parameters: border_fraction failed_expansion_score_factor goal_bias min_valid_path_fraction range
Planner PRM specs:
Multithreaded:                 Yes
Reports approximate solutions: Yes
Can optimize solutions:        Yes
Aware of the following parameters: max_nearest_neighbors
|>>>
<<<|
Architecture:                    x86_64
CPU op-mode(s):                  32-bit, 64-bit
Byte Order:                      Little Endian
Address sizes:                   39 bits physical, 48 bits virtual
CPU(s):                          2
On-line CPU(s) list:             0,1
Thread(s) per core:              1
Core(s) per socket:              2
Socket(s):                       1
Vendor ID:                       GenuineIntel
CPU family:                      6
Model:                           142
Model name:                      Intel(R) Core(TM) i5-7360U CPU @ 2.30GHz
Stepping:                        9
CPU MHz:                         2303.897
BogoMIPS:                        4607.79
L1d cache:                       64 KiB
L1i cache:                       64 KiB
L2 cache:                        512 KiB
L3 cache:                        4 MiB
Vulnerability Itlb multihit:     KVM: Mitigation: VMX unsupported
Vulnerability L1tf:              Mitigation; PTE Inversion
Vulnerability Mds:               Vulnerable; SMT Host state unknown
Vulnerability Meltdown:          Vulnerable
Vulnerability Mmio stale data:   Vulnerable
Vulnerability Spec store bypass: Vulnerable
Vulnerability Spectre v1:        Vulnerable: __user pointer sanitization and usercopy barriers only; no swapgs barriers
Vulnerability Spectre v2:        Vulnerable, STIBP: disabled
Vulnerability Srbds:             Unknown: Dependent on hypervisor status
Vulnerability Tsx async abort:   Not affected
Flags:                           fpu vme de pse tsc msr pae mce cx8 apic sep mtrr pge mca cmov pat pse36 clflush mmx fxsr sse sse2 ht syscall nx lm constant_tsc rep_good nopl xtopology nonstop_tsc cpuid pni pclmulqdq ssse3 fma cx16 pcid sse4_1 sse4_2 movbe popcnt aes xsave avx f16c rdrand hypervisor lahf_lm abm 3dnowprefetch fsgsbase bmi1 hle avx2 smep bmi2 erms rdseed adx smap clflushopt xsaveopt xsavec xgetbv1 arat
|>>>
10918093722470712 is the random seed
60 seconds per run
10000 MB per run
50 runs per planner
9.25058 seconds spent to collect the data
1 enum type
status|Unknown status|Invalid start|Invalid goal|Unrecognized goal type|Timeout|Approximate solution|Exact solution|Crash|Unknown status|Unknown status
8 planners
geometric_RRTConnect Range 5.
14 common properties
intermediate_states = 0
longest_valid_segment_fraction = 0.0025
projection.cellsize.0 = 0.1
projection.cellsize.1 = 0.1
projection.cellsize_factor = 0
projection.link_2:R2.cellsize.0 = 0.1
projection.link_2:R2.cellsize.1 = 0.1
projection.link_2:R2.cellsize_factor = 0
projection.link_2:SE2.cellsize.0 = 0.1
projection.link_2:SE2.cellsize.1 = 0.1
projection.link_2:SE2.cellsize.2 = 0.1
projection.link_2:SE2.cellsize_factor = 0
range = 5
valid_segment_count_factor = 1
23 properties for each run
approx goal distance REAL
approximate solution BOOLEAN
correct solution BOOLEAN
correct solution strict BOOLEAN
graph motions INTEGER
graph states INTEGER
memory REAL
simplification time REAL
simplified correct solution BOOLEAN
simplified correct solution strict BOOLEAN
simplified solution clearance REAL
simplified solution length REAL
simplified solution segments INTEGER
simplified solution smoothness REAL
solution clearance REAL
solution difference REAL
solution length REAL
solution segments INTEGER
solution smoothness REAL
solved BOOLEAN
status ENUM
time REAL
valid segment fraction REAL
50 runs
0; 0; 1; 1; 4; 5; 12.0391; 0.0163961; 1; 1; 1.31296; 1.92883; 3; 14.0187; 1.23301; 0; 2.21469; 3; 13.0758; 1; 6; 0.0119389; 0.333333; 
0; 0; 1; 1; 3; 4; 12.0391; 0.0101855; 1; 1; 0.848664; 1.4293; 2; 12.2039; 0.865709; 0; 1.50394; 2; 11.0061; 1; 6; 0.00683369; 0.333333; 
0; 0; 1; 1; 5; 6; 12.0391; 0.00939558; 1; 1; 0.842977; 1.49602; 2; 10.9855; 1.57979; 0; 2.08417; 4; 28.2124; 1; 6; 0.00321437; 0.571429; 
0; 0; 1; 1; 4; 5; 12.0391; 0.0113594; 1; 1; 0.847163; 1.56537; 2; 12.3328; 1.32347; 0; 1.6894; 3; 10.118; 1; 6; 0.00261171; 0.5; 
0; 0; 1; 1; 3; 4; 12.0391; 0.00605256; 1; 1; 1.39807; 1.51079; 3; 26.6283; 0.83847; 0; 1.58668; 2; 13.6295; 1; 6; 0.0014687; 1; 
0; 0; 1; 1; 3; 4; 12.0391; 0.0028312; 1; 1; 0.836537; 1.4293; 2; 11.8418; 0.836602; 0; 1.4293; 2; 11.9419; 1; 6; 0.00250539; 1; 
0; 0; 1; 1; 3; 4; 12.0391; 0.00850763; 1; 1; 0.830463; 1.57531; 2; 10.7023; 0.880046; 0; 1.83563; 2; 10.9863; 1; 6; 0.00310819; 1; 
0; 0; 1; 1; 6; 7; 12.0391; 0.00435375; 1; 1; 0.853197; 1.4293; 2; 11.7929; 1.15666; 0; 1.6794; 3; 31.3376; 1; 6; 0.00319778; 0.357143; 
0; 0; 1; 1; 3; 4; 12.0391; 0.00461827; 1; 1; 1.29841; 1.50148; 3; 16.0862; 0.836087; 0; 1.54049; 2; 14.9708; 1; 6; 0.00327147; 1; 
0; 0; 1; 1; 9; 10; 12.0391; 0.00874558; 1; 1; 1.06861; 1.4293; 3; 23.5977; 1.46886; 0; 1.88268; 5; 79.8026; 1; 6; 0.00293715; 0.444444; 
0; 0; 1; 1; 4; 5; 12.0391; 0.00774766; 1; 1; 0.830544; 1.55525; 2; 10.4032; 1.15894; 0; 1.80869; 3; 7.3028; 1; 6; 0.00136219; 0.75; 
0; 0; 1; 1; 3; 4; 12.0391; 0.0053761; 1; 1; 1.11785; 1.86919; 3; 24.7447; 0.864577; 0; 1.86919; 2; 7.88456; 1; 6; 0.00150693; 1; 
0; 0; 1; 1; 5; 6; 12.0391; 0.00444166; 1; 1; 0.835631; 1.60594; 2; 13.9799; 1.30588; 0; 2.34161; 4; 44.0315; 1; 6; 0.00287539; 0.4; 
0; 0; 1; 1; 4; 5; 12.0391; 0.00595688; 1; 1; 0.714742; 1.86919; 3; 13.8086; 0.918749; 0; 1.86919; 3; 10.6371; 1; 6; 0.00258268; 0.3; 
0; 0; 1; 1; 4; 5; 12.0391; 0.00971068; 1; 1; 1.32076; 1.86919; 3; 10.864; 1.27912; 0; 1.86919; 3; 6.83375; 1; 6; 0.00163641; 0.6; 
0; 0; 1; 1; 3; 4; 12.0391; 0.00513705; 1; 1; 0.8681; 1.60805; 2; 10.9553; 0.833165; 0; 1.72115; 2; 8.90986; 1; 6; 0.00267537; 0.666667; 
0; 0; 1; 1; 3; 4; 12.0391; 0.00763082; 1; 1; 0.866778; 1.60869; 2; 11.3007; 0.840252; 0; 1.71854; 2; 9.23789; 1; 6; 0.00268997; 1; 
0; 0; 1; 1; 4; 5; 12.0391; 0.00466459; 1; 1; 0.832898; 1.86919; 2; 8.3416; 1.01534; 0; 2.06025; 3; 14.4825; 1; 6; 0.00149241; 0.75; 
0; 0; 1; 1; 5; 6; 12.0391; 0.011979; 1; 1; 1.08689; 1.98495; 3; 32.1247; 1.11353; 0; 2.21469; 4; 23.7906; 1; 6; 0.00302462; 0.285714; 
0; 0; 1; 1; 3; 4; 12.0391; 0.00349812; 1; 1; 0.868393; 1.4293; 2; 12.0303; 0.847081; 0; 1.4293; 2; 12.6794; 1; 6; 0.00140963; 1; 
0; 0; 1; 1; 4; 5; 12.0391; 0.00359533; 1; 1; 0.830863; 1.4293; 2; 11.9411; 0.83536; 0; 1.4293; 2; 11.7173; 1; 6; 0.00324974; 0.5; 
0; 0; 1; 1; 3; 4; 12.0391; 0.00990939; 1; 1; 0.842877; 1.4293; 2; 14.9136; 0.872185; 0; 1.4293; 2; 11.9837; 1; 6; 0.00139508; 1; 
0; 0; 1; 1; 3; 4; 12.0391; 0.00913423; 1; 1; 1.02245; 1.47275; 3; 11.6261; 0.862968; 0; 1.6957; 2; 9.17857; 1; 6; 0.00260277; 1; 
0; 0; 1; 1; 3; 4; 12.0391; 0.00602494; 1; 1; 0.863171; 1.70061; 2; 10.4977; 0.862972; 0; 1.80971; 2; 8.82582; 1; 6; 0.00255443; 0.333333; 
0; 0; 1; 1; 3; 4; 12.0391; 0.00238555; 1; 1; 1.14572; 1.86919; 3; 12.8029; 0.835215; 0; 1.86919; 2; 7.93865; 1; 6; 0.00271662; 1; 
0; 0; 1; 1; 3; 4; 12.0391; 0.0182179; 1; 1; 0.921747; 1.86919; 3; 19.2773; 0.839268; 0; 1.86919; 2; 7.87826; 1; 6; 0.00284851; 1; 
0; 0; 1; 1; 3; 4; 12.0391; 0.00652181; 1; 1; 0.86758; 1.4293; 2; 11.7695; 0.867862; 0; 1.4293; 2; 11.728; 1; 6; 0.00147722; 0.666667; 
0; 0; 1; 1; 3; 4; 12.0391; 0.00747088; 1; 1; 0.830649; 1.45399; 2; 12.6831; 0.831071; 0; 1.60287; 2; 10.9173; 1; 6; 0.00133572; 1; 
0; 0; 1; 1; 3; 4; 12.0391; 0.00782848; 1; 1; 0.829154; 1.61133; 2; 9.93438; 0.851222; 0; 1.76144; 2; 8.61335; 1; 6; 0.00262881; 0.666667; 
0; 0; 1; 1; 3; 4; 12.0391; 0.00912582; 1; 1; 0.829334; 1.5122; 2; 11.5189; 0.853138; 0; 1.7571; 2; 8.64744; 1; 6; 0.00554623; 0.666667; 
0; 0; 1; 1; 4; 5; 12.0391; 0.00562999; 1; 1; 0.625793; 1.28753; 3; 33.2789; 0.671796; 0; 2.11427; 3; 15.8168; 1; 6; 0.00271283; 0.5; 
0; 0; 1; 1; 5; 6; 12.0391; 0.00837471; 1; 1; 1.22834; 1.4293; 3; 14.8434; 1.41739; 0; 1.47258; 4; 12.817; 1; 6; 0.00273535; 0.363636; 
0; 0; 1; 1; 5; 6; 12.0391; 0.00357482; 1; 1; 1.1253; 1.4293; 3; 27.4778; 0.829202; 0; 1.4293; 2; 11.7623; 1; 6; 0.00262316; 0.5; 
0; 0; 1; 1; 4; 5; 12.0391; 0.00740327; 1; 1; 0.830564; 1.51614; 2; 11.3397; 1.14037; 0; 1.89761; 3; 17.6613; 1; 6; 0.00269842; 0.333333; 
0; 0; 1; 1; 4; 5; 12.0391; 0.00555771; 1; 1; 0.829085; 1.4293; 2; 11.9768; 0.859101; 0; 1.4293; 2; 12.0826; 1; 6; 0.00272451; 0.5; 
0; 0; 1; 1; 7; 8; 12.0391; 0.0116053; 1; 1; 0.837874; 1.79865; 2; 8.51299; 1.15461; 0; 2.25258; 5; 15.9551; 1; 6; 0.00263758; 0.4; 
0; 0; 1; 1; 3; 4; 12.0391; 0.0117624; 1; 1; 0.840309; 1.86919; 2; 9.19944; 0.855417; 0; 1.86919; 2; 9.08267; 1; 6; 0.00289675; 1; 
0; 0; 1; 1; 3; 4; 12.0391; 0.00397841; 1; 1; 0.855308; 1.86919; 2; 8.92333; 0.865822; 0; 1.86919; 2; 7.99128; 1; 6; 0.00262092; 0.4; 
0; 0; 1; 1; 5; 6; 12.0391; 0.00832391; 1; 1; 0.874107; 1.70413; 2; 12.1067; 1.18438; 0; 1.98248; 3; 9.81843; 1; 6; 0.00274459; 0.444444; 
0; 0; 1; 1; 4; 5; 12.0391; 0.00435076; 1; 1; 0.844097; 1.4293; 2; 11.8787; 0.982001; 0; 2.06464; 3; 15.7796; 1; 6; 0.00255754; 0.3; 
0; 0; 1; 1; 5; 6; 12.0391; 0.00503933; 1; 1; 1.4187; 1.50183; 3; 22.4122; 1.28911; 0; 1.60294; 3; 6.98109; 1; 6; 0.00317813; 0.444444; 
0; 0; 1; 1; 3; 4; 12.0391; 0.00367816; 1; 1; 0.845061; 1.4293; 2; 12.7426; 0.847898; 0; 1.4293; 2; 12.5642; 1; 6; 0.0014049; 1; 
0; 0; 1; 1; 4; 5; 12.0391; 0.0093325; 1; 1; 1.35189; 1.45532; 3; 21.1308; 1.19591; 0; 1.61781; 3; 10.6652; 1; 6; 0.00280225; 0.5; 
0; 0; 1; 1; 5; 6; 12.0391; 0.00269994; 1; 1; 1.17605; 1.4293; 3; 17.2027; 0.8681; 0; 1.4293; 2; 11.7581; 1; 6; 0.00276403; 0.4; 
0; 0; 1; 1; 4; 5; 12.0391; 0.0110593; 1; 1; 1.26264; 1.70237; 3; 13.8744; 0.767533; 0; 1.93551; 3; 14.2632; 1; 6; 0.00279242; 0.5; 
0; 0; 1; 1; 5; 6; 12.0391; 0.00941011; 1; 1; 1.1402; 1.66018; 3; 27.5719; 1.10956; 0; 1.94685; 3; 14.1714; 1; 6; 0.00245823; 0.4; 
0; 0; 1; 1; 4; 5; 12.0391; 0.00991234; 1; 1; 0.862685; 1.4293; 2; 14.8915; 1.30282; 0; 1.43528; 3; 15.6177; 1; 6; 0.00307768; 0.428571; 
0; 0; 1; 1; 4; 5; 12.0391; 0.00528501; 1; 1; 0.864104; 1.74405; 2; 9.40577; 1.29444; 0; 1.96939; 3; 12.2344; 1; 6; 0.00278708; 0.333333; 
0; 0; 1; 1; 3; 4; 12.0391; 0.00304769; 1; 1; 0.831688; 1.4293; 2; 11.9377; 0.838342; 0; 1.4293; 2; 12.1183; 1; 6; 0.00249479; 0.666667; 
0; 0; 1; 1; 3; 4; 12.0391; 0.00511952; 1; 1; 0.861444; 1.52276; 2; 12.739; 0.861219; 0; 1.63748; 2; 10.3382; 1; 6; 0.00173868; 1; 
.
geometric_RRTConnect Range 1.
14 common properties
intermediate_states = 0
longest_valid_segment_fraction = 0.0025
projection.cellsize.0 = 0.1
projection.cellsize.1 = 0.1
projection.cellsize_factor = 0
projection.link_2:R2.cellsize.0 = 0.1
projection.link_2:R2.cellsize.1 = 0.1
projection.link_2:R2.cellsize_factor = 0
projection.link_2:SE2.cellsize.0 = 0.1
projection.link_2:SE2.cellsize.1 = 0.1
projection.link_2:SE2.cellsize.2 = 0.1
projection.link_2:SE2.cellsize_factor = 0
range = 1
valid_segment_count_factor = 1
23 properties for each run
approx goal distance REAL
approximate solution BOOLEAN
correct solution BOOLEAN
correct solution strict BOOLEAN
graph motions INTEGER
graph states INTEGER
memory REAL
simplification time REAL
simplified correct solution BOOLEAN
simplified correct solution strict BOOLEAN
simplified solution clearance REAL
simplified solution length REAL
simplified solution segments INTEGER
simplified solution smoothness REAL
solution clearance REAL
solution difference REAL
solution length REAL
solution segments INTEGER
solution smoothness REAL
solved BOOLEAN
status ENUM
time REAL
valid segment fraction REAL
50 runs
0; 0; 1; 1; 5; 6; 12.0391; 0.0069745; 1; 1; 1.43251; 1.4293; 3; 28.1218; 1.25185; 0; 1.43708; 3; 7.97324; 1; 6; 0.0026528; 0.571429; 
0; 0; 1; 1; 4; 5; 12.0391; 0.0075095; 1; 1; 1.41773; 1.43064; 3; 25.4631; 1.37309; 0; 1.48849; 3; 21.2687; 1; 6; 0.00143081; 0.5; 
0; 0; 1; 1; 4; 5; 12.0391; 0.00661004; 1; 1; 1.00926; 1.86919; 3; 19.3398; 1.16487; 0; 1.86919; 3; 6.52691; 1; 6; 0.00261507; 0.375; 
0; 0; 1; 1; 3; 4; 12.0391; 0.00408797; 1; 1; 1.016; 1.57956; 3; 22.5978; 0.880442; 0; 1.72983; 2; 8.97997; 1; 6; 0.00149924; 1; 
0; 0; 1; 1; 4; 5; 12.0391; 0.00586397; 1; 1; 0.829414; 1.69732; 2; 9.7901; 1.16414; 0; 1.75569; 3; 11.9038; 1; 6; 0.00254716; 0.75; 
0; 0; 1; 1; 5; 6; 12.0391; 0.00828543; 1; 1; 0.830106; 1.82748; 2; 8.13333; 1.25573; 0; 2.03844; 3; 13.925; 1; 6; 0.0023115; 0.5; 
0; 0; 1; 1; 5; 6; 12.0391; 0.00828045; 1; 1; 0.829944; 1.47342; 2; 11.2673; 1.1904; 0; 2.02216; 3; 12.9226; 1; 6; 0.00285526; 0.444444; 
0; 0; 1; 1; 4; 5; 12.0391; 0.00809832; 1; 1; 0.829106; 1.4293; 2; 11.72; 1.31818; 0; 1.78301; 3; 18.0982; 1; 6; 0.00311465; 0.75; 
0; 0; 1; 1; 3; 4; 12.0391; 0.00741462; 1; 1; 1.18721; 1.4293; 3; 20.0917; 0.834183; 0; 1.42978; 2; 11.7167; 1; 6; 0.00147129; 0.666667; 
0; 0; 1; 1; 9; 10; 12.0391; 0.00839859; 1; 1; 1.02108; 1.24468; 4; 107.731; 1.29362; 0; 2.62559; 5; 34.7065; 1; 6; 0.00295989; 0.470588; 
0; 0; 1; 1; 5; 6; 12.0391; 0.0124546; 1; 1; 1.12899; 2.13947; 3; 13.0048; 1.29917; 0; 2.21469; 4; 17.9117; 1; 6; 0.00306809; 0.363636; 
0; 0; 1; 1; 7; 8; 12.0391; 0.0138812; 1; 1; 0.8372; 1.86919; 2; 8.40295; 1.45573; 0; 2.46547; 5; 47.5663; 1; 6; 0.00269569; 0.461538; 
0; 0; 1; 1; 7; 8; 12.0391; 0.00861991; 1; 1; 0.879989; 1.4293; 2; 15.1938; 1.47971; 0; 2.08568; 4; 13; 1; 6; 0.00397735; 0.5; 
0; 0; 1; 1; 4; 5; 12.0391; 0.00920966; 1; 1; 1.11077; 1.44292; 3; 25.7678; 1.09884; 0; 1.82041; 3; 12.3681; 1; 6; 0.00273868; 0.6; 
0; 0; 1; 1; 6; 7; 12.0391; 0.00810643; 1; 1; 0.846307; 1.61653; 2; 9.85541; 0.980451; 0; 2.06668; 4; 21.1766; 1; 6; 0.00278166; 0.357143; 
0; 0; 1; 1; 5; 6; 12.0391; 0.00738947; 1; 1; 0.836116; 1.4293; 2; 12.3454; 1.25153; 0; 1.97922; 4; 13.922; 1; 6; 0.00276902; 0.5; 
0; 0; 1; 1; 5; 6; 12.0391; 0.00728265; 1; 1; 0.839899; 1.4293; 2; 11.9804; 1.32687; 0; 1.5759; 4; 8.44572; 1; 6; 0.00276999; 0.5; 
0; 0; 1; 1; 3; 4; 12.0391; 0.00607825; 1; 1; 0.865303; 1.4293; 2; 11.8318; 0.849417; 0; 1.45194; 2; 11.6306; 1; 6; 0.0014089; 1; 
0; 0; 1; 1; 5; 6; 12.0391; 0.00685559; 1; 1; 1.15653; 1.43252; 3; 42.1725; 1.45511; 0; 1.82169; 4; 16.2795; 1; 6; 0.00284243; 0.571429; 
0; 0; 1; 1; 5; 6; 12.0391; 0.00368463; 1; 1; 1.29916; 1.4293; 3; 14.0756; 1.14078; 0; 1.4293; 3; 3.21677; 1; 6; 0.00302785; 0.363636; 
0; 0; 1; 1; 5; 6; 12.0391; 0.00871198; 1; 1; 0.842392; 1.4293; 2; 11.8529; 1.17046; 0; 1.52114; 3; 13.868; 1; 6; 0.00383198; 0.571429; 
0; 0; 1; 1; 3; 4; 12.0391; 0.00781412; 1; 1; 0.976566; 1.51092; 3; 16.5849; 0.871359; 0; 1.70647; 2; 9.12673; 1; 6; 0.00272091; 0.666667; 
0; 0; 1; 1; 4; 5; 12.0391; 0.00497435; 1; 1; 0.852231; 1.83299; 2; 8.14883; 1.23513; 0; 2.06054; 3; 14.3116; 1; 6; 0.0026246; 0.5; 
0; 0; 1; 1; 3; 4; 12.0391; 0.00638811; 1; 1; 0.864896; 1.4293; 2; 11.7271; 0.848486; 0; 1.4293; 2; 11.9402; 1; 6; 0.00188456; 1; 
0; 0; 1; 1; 5; 6; 12.4297; 0.00905704; 1; 1; 0.94077; 1.86919; 3; 28.8988; 1.22937; 0; 1.86919; 4; 6.40205; 1; 6; 0.00299443; 0.571429; 
0; 0; 1; 1; 4; 5; 12.4297; 0.0102643; 1; 1; 0.834183; 1.82761; 2; 11.396; 1.14941; 0; 1.86919; 3; 0; 1; 6; 0.00409061; 0.428571; 
0; 0; 1; 1; 3; 4; 12.4297; 0.00325261; 1; 1; 0.829107; 1.4293; 2; 11.8454; 0.82957; 0; 1.4293; 2; 11.9484; 1; 6; 0.00261835; 0.666667; 
0; 0; 1; 1; 3; 4; 12.4297; 0.00591595; 1; 1; 0.829162; 1.47491; 2; 11.3231; 0.865534; 0; 1.57771; 2; 11.1093; 1; 6; 0.00263815; 0.4; 
0; 0; 1; 1; 5; 6; 12.4297; 0.00639185; 1; 1; 0.844101; 1.4293; 2; 11.8896; 0.830539; 0; 1.58839; 2; 10.5616; 1; 6; 0.00265507; 0.5; 
0; 0; 1; 1; 3; 4; 12.4297; 0.00594532; 1; 1; 1.30682; 1.4293; 3; 16.5378; 0.842149; 0; 1.49853; 2; 14.5324; 1; 6; 0.00130366; 1; 
0; 0; 1; 1; 3; 4; 12.4297; 0.00179977; 1; 1; 1.34409; 1.4293; 3; 20.1378; 0.834034; 0; 1.4293; 2; 11.83; 1; 6; 0.00163597; 1; 
0; 0; 1; 1; 3; 4; 12.4297; 0.00656842; 1; 1; 0.865889; 1.4293; 2; 11.7324; 0.866119; 0; 1.51459; 2; 10.7845; 1; 6; 0.00143812; 1; 
0; 0; 1; 1; 4; 5; 12.4297; 0.00712317; 1; 1; 0.86177; 1.86919; 2; 8.20544; 1.14165; 0; 1.86919; 3; 1.05806e-14; 1; 6; 0.00294107; 0.75; 
0; 0; 1; 1; 6; 7; 12.4297; 0.00714369; 1; 1; 1.08053; 1.4293; 3; 22.8191; 1.04818; 0; 1.61345; 3; 24.5904; 1; 6; 0.0025644; 0.333333; 
0; 0; 1; 1; 5; 6; 12.4297; 0.00470345; 1; 1; 0.877607; 1.4293; 2; 15.3462; 1.2667; 0; 1.56323; 3; 21.5363; 1; 6; 0.00283376; 0.4; 
0; 0; 1; 1; 3; 4; 12.4688; 0.00932231; 1; 1; 0.83653; 1.4293; 2; 12.821; 0.853709; 0; 1.4293; 2; 11.898; 1; 6; 0.00252155; 0.666667; 
0; 0; 1; 1; 4; 5; 12.4727; 0.00559661; 1; 1; 0.870498; 1.54675; 2; 10.5891; 0.844472; 0; 1.6475; 2; 9.52686; 1; 6; 0.0026166; 0.75; 
0; 0; 1; 1; 4; 5; 12.4727; 0.00813927; 1; 1; 0.829148; 1.42993; 2; 11.8349; 1.25391; 0; 1.73137; 3; 7.64102; 1; 6; 0.0028262; 0.5; 
0; 0; 1; 1; 6; 7; 12.4727; 0.00404587; 1; 1; 0.768959; 1.30332; 4; 64.3214; 0.846225; 0; 2.11601; 3; 17.6818; 1; 6; 0.00286629; 0.555556; 
0; 0; 1; 1; 3; 4; 12.4727; 0.00461518; 1; 1; 0.850542; 1.5848; 2; 12.2613; 0.868278; 0; 1.71265; 2; 8.97965; 1; 6; 0.00283753; 0.333333; 
0; 0; 1; 1; 4; 5; 12.4727; 0.00735025; 1; 1; 0.901941; 1.4293; 3; 25.0236; 0.856802; 0; 1.4293; 2; 12.079; 1; 6; 0.00329241; 0.5; 
0; 0; 1; 1; 7; 8; 12.4727; 0.0074108; 1; 1; 0.872852; 1.55978; 2; 14.1545; 1.21847; 0; 1.82689; 3; 8.68696; 1; 6; 0.00304764; 0.545455; 
0; 0; 1; 1; 3; 4; 12.4727; 0.00745743; 1; 1; 0.846867; 1.4293; 2; 13.0122; 0.848236; 0; 1.4293; 2; 13.4892; 1; 6; 0.002952; 1; 
0; 0; 1; 1; 6; 7; 12.4727; 0.0111423; 1; 1; 1.18954; 1.66879; 3; 4.23883; 1.53033; 0; 2.02626; 4; 34.4154; 1; 6; 0.00272551; 0.5; 
0; 0; 1; 1; 5; 6; 12.4727; 0.00507028; 1; 1; 1.43453; 1.73628; 3; 33.9814; 1.27389; 0; 2.21469; 3; 17.4252; 1; 6; 0.00288417; 0.571429; 
0; 0; 1; 1; 4; 5; 12.4727; 0.0114699; 1; 1; 0.966218; 1.86919; 3; 14.4027; 1.31725; 0; 1.86919; 3; 7.33383; 1; 6; 0.00273727; 0.75; 
0; 0; 1; 1; 5; 6; 12.4727; 0.00631316; 1; 1; 0.863722; 1.86919; 2; 7.85237; 1.23881; 0; 2.21469; 3; 11.9456; 1; 6; 0.00270515; 0.571429; 
0; 0; 1; 1; 3; 4; 12.4727; 0.00640227; 1; 1; 1.32567; 1.53577; 3; 22.5749; 0.8388; 0; 1.74768; 2; 8.79354; 1; 6; 0.00151685; 0.666667; 
0; 0; 1; 1; 4; 5; 12.4727; 0.00467361; 1; 1; 0.832213; 1.67106; 2; 9.3265; 1.14502; 0; 2.21469; 3; 15.3639; 1; 6; 0.00266904; 0.428571; 
0; 0; 1; 1; 3; 4; 12.4727; 0.00678376; 1; 1; 0.830937; 1.4293; 2; 11.8321; 0.829886; 0; 1.4293; 2; 12.3062; 1; 6; 0.00292107; 1; 
.
geometric_RRTConnect Range 0.1.
14 common properties
intermediate_states = 0
longest_valid_segment_fraction = 0.0025
projection.cellsize.0 = 0.1
projection.cellsize.1 = 0.1
projection.cellsize_factor = 0
projection.link_2:R2.cellsize.0 = 0.1
projection.link_2:R2.cellsize.1 = 0.1
projection.link_2:R2.cellsize_factor = 0
projection.link_2:SE2.cellsize.0 = 0.1
projection.link_2:SE2.cellsize.1 = 0.1
projection.link_2:SE2.cellsize.2 = 0.1
projection.link_2:SE2.cellsize_factor = 0
range = 0.1
valid_segment_count_factor = 1
23 properties for each run
approx goal distance REAL
approximate solution BOOLEAN
correct solution BOOLEAN
correct solution strict BOOLEAN
graph motions INTEGER
graph states INTEGER
memory REAL
simplification time REAL
simplified correct solution BOOLEAN
simplified correct solution strict BOOLEAN
simplified solution clearance REAL
simplified solution length REAL
simplified solution segments INTEGER
simplified solution smoothness REAL
solution clearance REAL
solution difference REAL
solution length REAL
solution segments INTEGER
solution smoothness REAL
solved BOOLEAN
status ENUM
time REAL
valid segment fraction REAL
50 runs
0; 0; 1; 1; 25; 26; 12.4727; 0.0104962; 1; 1; 1.26182; 1.48271; 3; 27.698; 1.97173; 0; 1.63672; 17; 382.126; 1; 6; 0.00268096; 0.705882; 
0; 0; 1; 1; 26; 27; 12.4727; 0.00937374; 1; 1; 0.865919; 1.4293; 2; 12.3248; 1.8947; 0; 1.61544; 17; 366.452; 1; 6; 0.00384713; 0.735294; 
0; 0; 1; 1; 30; 31; 12.4727; 0.0111976; 1; 1; 0.868269; 1.4293; 2; 11.798; 1.80672; 0; 1.80761; 19; 602.927; 1; 6; 0.00422152; 0.690476; 
0; 0; 1; 1; 21; 22; 12.4727; 0.0125108; 1; 1; 1.03404; 1.46408; 3; 14.9505; 1.9417; 0; 1.63938; 17; 629.536; 1; 6; 0.00295756; 0.8; 
0; 0; 1; 1; 26; 27; 12.4727; 0.00900252; 1; 1; 0.868176; 1.4293; 2; 11.8372; 1.94977; 0; 1.70209; 18; 1239.94; 1; 6; 0.00297873; 0.675676; 
0; 0; 1; 1; 27; 28; 12.4727; 0.0134659; 1; 1; 1.07989; 1.86919; 3; 8.55277; 1.82787; 0; 2.0595; 21; 306.969; 1; 6; 0.00268704; 0.702703; 
0; 0; 1; 1; 27; 28; 12.4727; 0.0100584; 1; 1; 0.835828; 1.43583; 2; 12.0277; 1.80153; 0; 1.78036; 18; 267.218; 1; 6; 0.00274709; 0.742857; 
0; 0; 1; 1; 29; 30; 12.4727; 0.0108099; 1; 1; 0.865374; 1.57433; 2; 11.8189; 1.78219; 0; 1.90638; 20; 930.188; 1; 6; 0.00257718; 0.736842; 
0; 0; 1; 1; 22; 23; 12.4727; 0.0099076; 1; 1; 1.06704; 1.4293; 3; 36.7552; 1.79935; 0; 1.51097; 16; 360.805; 1; 6; 0.00290805; 0.636364; 
0; 0; 1; 1; 25; 26; 12.4727; 0.00638691; 1; 0; 0.0987257; 0.776709; 8; 239.512; 0.662819; 0; 1.22617; 13; 1807.44; 1; 6; 0.0031544; 0.685714; 
0; 0; 1; 1; 36; 37; 12.4727; 0.00920086; 1; 1; 0.881585; 1.4358; 2; 17.9747; 2.01201; 0; 1.61721; 17; 420.482; 1; 6; 0.00434778; 0.59322; 
0; 0; 1; 1; 33; 34; 12.4727; 0.0102477; 1; 1; 1.19098; 1.51357; 3; 6.71822; 1.93074; 0; 1.67769; 18; 791.435; 1; 6; 0.00275972; 0.666667; 
0; 0; 1; 1; 19; 20; 12.4727; 0.00925493; 1; 1; 0.860257; 1.4293; 2; 13.7654; 1.85418; 0; 1.73258; 18; 661.374; 1; 6; 0.00285763; 0.642857; 
0; 0; 1; 1; 21; 22; 12.4727; 0.0100493; 1; 1; 1.01178; 1.4293; 3; 14.1141; 1.92713; 0; 1.67014; 17; 1032.88; 1; 6; 0.00269974; 0.645161; 
0; 0; 1; 1; 19; 20; 12.4727; 0.0108792; 1; 1; 1.30048; 1.4293; 3; 12.4322; 1.84052; 0; 1.60969; 17; 739.846; 1; 6; 0.00281156; 0.75; 
0; 0; 1; 1; 37; 38; 12.4727; 0.0109861; 1; 1; 0.75393; 1.51751; 3; 21.2929; 1.72019; 0; 2.02881; 21; 859.785; 1; 6; 0.00376498; 0.571429; 
0; 0; 1; 1; 28; 29; 12.4727; 0.00894848; 1; 1; 1.16843; 1.4293; 3; 12.2556; 1.94254; 0; 1.57776; 16; 193.561; 1; 6; 0.00281604; 0.710526; 
0; 0; 1; 1; 20; 21; 12.4727; 0.0159292; 1; 1; 1.29777; 1.4293; 3; 13.3976; 1.86689; 0; 1.61164; 17; 676.013; 1; 6; 0.00446326; 0.59375; 
0; 0; 1; 1; 28; 29; 12.4727; 0.00736176; 1; 1; 0.162741; 0.792492; 7; 162.966; 1.13515; 0; 1.61318; 17; 164.843; 1; 6; 0.00293002; 0.675; 
0; 0; 1; 1; 15; 16; 12.4727; 0.00667465; 1; 1; 0.117041; 0.789398; 8; 209.098; 0.310888; 0; 0.86991; 9; 426.538; 1; 6; 0.00287837; 0.636364; 
0; 0; 1; 0; 27; 28; 12.4727; 0.00943553; 1; 1; 0.22734; 0.81129; 5; 263.992; 1.03008; 0; 1.52392; 16; 1042.76; 1; 6; 0.00306517; 0.634146; 
0; 0; 1; 1; 26; 27; 12.4727; 0.010051; 1; 1; 0.829837; 1.4293; 2; 12.2678; 2.02127; 0; 1.55553; 17; 274.771; 1; 6; 0.00285497; 0.694444; 
0; 0; 1; 1; 21; 22; 12.4727; 0.00792469; 1; 1; 0.877697; 1.4293; 2; 13.6949; 1.9512; 0; 1.72007; 18; 377.058; 1; 6; 0.00288719; 0.666667; 
0; 0; 1; 1; 29; 30; 12.4727; 0.0118353; 1; 1; 1.03649; 1.56413; 3; 10.042; 1.99462; 0; 2.05817; 21; 688.885; 1; 6; 0.00792767; 0.571429; 
0; 0; 1; 1; 22; 23; 12.4727; 0.00602321; 1; 1; 0.101749; 0.804059; 8; 828.039; 0.387605; 0; 1.087; 11; 790.764; 1; 6; 0.00394402; 0.677419; 
0; 0; 1; 1; 26; 27; 12.4727; 0.00953246; 1; 1; 0.830879; 1.46649; 2; 12.5432; 1.958; 0; 1.69859; 18; 979.694; 1; 6; 0.00291767; 0.625; 
0; 0; 1; 1; 26; 27; 12.4727; 0.013544; 1; 1; 0.835076; 1.86919; 2; 8.01333; 1.90774; 0; 1.95146; 21; 1042.97; 1; 6; 0.00300302; 0.531915; 
0; 0; 1; 1; 22; 23; 12.4727; 0.0104237; 1; 1; 0.845753; 1.4293; 2; 12.1418; 1.78716; 0; 1.82648; 19; 1041.73; 1; 6; 0.00312653; 0.677419; 
0; 0; 1; 1; 33; 34; 12.4727; 0.0103727; 1; 1; 0.839672; 1.4293; 2; 12.1589; 2.01176; 0; 1.92013; 20; 1396.29; 1; 6; 0.00533337; 0.711111; 
0; 0; 1; 1; 21; 22; 12.4727; 0.00977685; 1; 1; 0.838714; 1.4293; 2; 11.7168; 1.85703; 0; 1.69617; 17; 917.808; 1; 6; 0.00287936; 0.645161; 
0; 0; 1; 1; 23; 24; 12.4727; 0.0100692; 1; 1; 1.30254; 1.4293; 3; 17.0916; 1.98229; 0; 1.67902; 17; 497.944; 1; 6; 0.00415032; 0.709677; 
0; 0; 1; 1; 24; 25; 12.4727; 0.00641351; 1; 1; 0.145056; 0.785134; 9; 2383.07; 0.760209; 0; 1.13676; 12; 827.554; 1; 6; 0.00294984; 0.534884; 
0; 0; 1; 1; 29; 30; 12.4727; 0.0129653; 1; 1; 0.921511; 1.44453; 3; 31.7932; 1.87904; 0; 1.87469; 19; 724.573; 1; 6; 0.0030422; 0.666667; 
0; 0; 1; 1; 41; 42; 12.4727; 0.00938022; 1; 1; 0.36193; 1.2724; 4; 91.2825; 0.199167; 0; 1.41338; 15; 229.46; 1; 6; 0.00371204; 0.666667; 
0; 0; 1; 1; 22; 23; 12.4727; 0.0104473; 1; 1; 1.45765; 1.45363; 3; 38.0024; 1.8036; 0; 1.85074; 20; 1407.36; 1; 6; 0.00276233; 0.75; 
0; 0; 1; 1; 22; 23; 12.4727; 0.0128508; 1; 1; 1.20351; 1.86919; 3; 2.93199; 1.31514; 0; 1.86919; 19; 1.25227e-12; 1; 6; 0.00248934; 0.7; 
0; 0; 1; 1; 27; 28; 12.4727; 0.00937517; 1; 1; 0.83658; 1.4293; 2; 11.7821; 1.94413; 0; 1.5583; 16; 504.204; 1; 6; 0.00289926; 0.702703; 
0; 0; 1; 1; 21; 22; 12.4727; 0.00837459; 1; 1; 0.866591; 1.4293; 2; 12.7681; 1.78566; 0; 1.78424; 18; 819.522; 1; 6; 0.0025085; 0.606061; 
0; 0; 1; 1; 30; 31; 12.4727; 0.00902294; 1; 1; 0.840662; 1.4293; 2; 12.4297; 1.98355; 0; 1.57967; 16; 492.314; 1; 6; 0.00304018; 0.783784; 
0; 0; 1; 1; 27; 28; 12.4727; 0.00695945; 1; 1; 0.1329; 0.805974; 9; 2136.93; 1.09743; 0; 1.69126; 17; 958.934; 1; 6; 0.00496727; 0.541667; 
0; 0; 1; 1; 23; 24; 12.4727; 0.00885532; 1; 1; 0.831045; 1.4293; 2; 11.7238; 2.02977; 0; 1.61276; 17; 951.028; 1; 6; 0.00287774; 0.6875; 
0; 0; 1; 1; 35; 36; 12.4727; 0.0149431; 1; 1; 1.29273; 1.4803; 3; 15.3616; 2.01308; 0; 1.96756; 20; 854.31; 1; 6; 0.00395856; 0.693878; 
0; 0; 1; 1; 26; 27; 12.4727; 0.00983406; 1; 1; 0.868185; 1.4293; 2; 11.8505; 2.00692; 0; 1.60541; 17; 436.227; 1; 6; 0.00273691; 0.595238; 
0; 0; 1; 1; 27; 28; 12.4727; 0.0132481; 1; 1; 0.873288; 1.5206; 2; 14.8783; 2.03038; 0; 1.63332; 17; 262.239; 1; 6; 0.00371424; 0.604651; 
0; 0; 1; 0; 27; 28; 12.7266; 0.00982372; 1; 0; 0.11373; 0.768394; 7; 2369.37; 0.541608; 0; 1.01092; 11; 681.363; 1; 6; 0.00275668; 0.634146; 
0; 0; 1; 1; 21; 22; 12.7266; 0.00988391; 1; 1; 0.827241; 1.4293; 3; 27.9655; 1.94629; 0; 1.55286; 16; 777.772; 1; 6; 0.00262605; 0.666667; 
0; 0; 1; 1; 17; 18; 12.7266; 0.00852001; 1; 1; 0.848498; 1.4293; 2; 12.1386; 2.01567; 0; 1.50009; 16; 318.952; 1; 6; 0.00141473; 0.666667; 
0; 0; 1; 1; 23; 24; 12.7266; 0.00945195; 1; 1; 0.841755; 1.45355; 2; 13.5898; 2.02672; 0; 1.80555; 19; 539.271; 1; 6; 0.00265777; 0.758621; 
0; 0; 1; 1; 26; 27; 12.7266; 0.00836693; 1; 1; 1.26987; 1.47073; 3; 37.447; 1.88874; 0; 1.7942; 18; 191.033; 1; 6; 0.00257842; 0.543478; 
0; 0; 1; 1; 20; 21; 12.7266; 0.0108913; 1; 1; 0.873097; 1.4293; 3; 25.4699; 1.91848; 0; 1.82454; 19; 1687.33; 1; 6; 0.00293349; 0.633333; 
.
geometric_RRT Range 5.
15 common properties
goal_bias = 0.05
intermediate_states = 0
longest_valid_segment_fraction = 0.0025
projection.cellsize.0 = 0.1
projection.cellsize.1 = 0.1
projection.cellsize_factor = 0
projection.link_2:R2.cellsize.0 = 0.1
projection.link_2:R2.cellsize.1 = 0.1
projection.link_2:R2.cellsize_factor = 0
projection.link_2:SE2.cellsize.0 = 0.1
projection.link_2:SE2.cellsize.1 = 0.1
projection.link_2:SE2.cellsize.2 = 0.1
projection.link_2:SE2.cellsize_factor = 0
range = 5
valid_segment_count_factor = 1
22 properties for each run
approximate solution BOOLEAN
correct solution BOOLEAN
correct solution strict BOOLEAN
graph motions INTEGER
graph states INTEGER
memory REAL
simplification time REAL
simplified correct solution BOOLEAN
simplified correct solution strict BOOLEAN
simplified solution clearance REAL
simplified solution length REAL
simplified solution segments INTEGER
simplified solution smoothness REAL
solution clearance REAL
solution difference REAL
solution length REAL
solution segments INTEGER
solution smoothness REAL
solved BOOLEAN
status ENUM
time REAL
valid segment fraction REAL
50 runs
0; 1; 1; 14; 15; 12.7266; 0.00639447; 1; 1; 0.292241; 0.888616; 5; 340.724; 0.868792; 0; 1.16436; 4; 51.6291; 1; 6; 0.00268467; 0.736842; 
0; 1; 1; 25; 26; 12.7266; 0.00964384; 1; 1; 0.845354; 1.4293; 2; 11.7913; 1.54022; 0; 1.72749; 5; 78.6537; 1; 6; 0.00432202; 0.806452; 
0; 1; 1; 5; 6; 12.7266; 0.00876329; 1; 1; 0.867059; 1.4293; 2; 12.2927; 1.31227; 0; 1.4293; 3; 18.6204; 1; 6; 0.00299034; 0.625; 
0; 1; 1; 108; 109; 12.7266; 0.00641725; 1; 1; 0.137967; 0.78857; 7; 2608.45; 0.538167; 0; 1.10827; 6; 221.296; 1; 6; 0.00619375; 0.864; 
0; 1; 1; 7; 8; 12.7266; 0.00893199; 1; 1; 0.836733; 1.86919; 2; 7.83156; 1.38787; 0; 2.08611; 4; 34.5485; 1; 6; 0.00280863; 0.875; 
0; 1; 1; 21; 22; 12.7266; 0.0068421; 1; 1; 0.704902; 1.2724; 4; 59.7714; 1.08571; 0; 1.43663; 5; 103.599; 1; 6; 0.00417951; 0.75; 
0; 1; 1; 9; 10; 12.7266; 0.00924304; 1; 1; 0.829126; 1.4293; 2; 12.1538; 1.5191; 0; 1.44887; 4; 17.6397; 1; 6; 0.00274716; 0.692308; 
0; 1; 1; 66; 67; 12.7266; 0.00829403; 1; 1; 0.661829; 1.2724; 4; 129.46; 1.02389; 0; 1.52814; 6; 173.296; 1; 6; 0.00620881; 0.90411; 
0; 1; 1; 116; 117; 12.7266; 0.0148744; 1; 1; 1.43151; 1.46715; 3; 34.5338; 1.79369; 0; 1.73332; 8; 260.531; 1; 6; 0.00984536; 0.90625; 
0; 1; 1; 50; 51; 12.7266; 0.00755611; 1; 0; 0.134071; 0.767669; 6; 2606.71; 1.20174; 0; 1.6482; 5; 70.3167; 1; 6; 0.00541934; 0.877193; 
0; 1; 1; 82; 83; 12.7266; 0.0128025; 1; 1; 1.22091; 2.21319; 3; 13.6936; 1.48958; 0; 2.4929; 9; 409.708; 1; 6; 0.00779169; 0.921348; 
0; 1; 1; 4; 5; 12.7266; 0.00694188; 1; 1; 0.277514; 0.79987; 4; 93.8909; 0.545882; 0; 1.35495; 3; 26.2653; 1; 6; 0.00240882; 0.666667; 
0; 1; 1; 365; 366; 12.7266; 0.00889565; 1; 1; 0.612349; 1.31624; 4; 108.461; 1.68019; 0; 2.52993; 13; 1011.82; 1; 6; 0.0147292; 0.899015; 
0; 1; 1; 32; 33; 12.7266; 0.0132729; 1; 1; 0.842632; 1.86919; 2; 7.82539; 1.53609; 0; 2.66792; 7; 444.201; 1; 6; 0.00400481; 0.888889; 
0; 1; 1; 87; 88; 12.7266; 0.00851545; 1; 1; 0.280113; 0.887335; 5; 310.701; 1.28838; 0; 1.69012; 7; 232.642; 1; 6; 0.00808765; 0.756522; 
0; 1; 1; 16; 17; 12.7266; 0.00821523; 1; 1; 0.866025; 1.53844; 2; 10.5731; 1.55602; 0; 1.8612; 4; 21.3871; 1; 6; 0.00286989; 0.888889; 
0; 1; 1; 133; 134; 12.7266; 0.00689984; 1; 1; 0.225628; 0.936126; 5; 1378.09; 1.4398; 0; 2.13062; 8; 276.307; 1; 6; 0.00756913; 0.898649; 
0; 1; 1; 28; 29; 12.7266; 0.00443865; 1; 1; 0.232787; 0.772156; 5; 203.71; 0.785934; 0; 1.34425; 4; 168.096; 1; 6; 0.00394549; 0.933333; 
0; 1; 1; 83; 84; 12.7266; 0.0155064; 1; 1; 1.05928; 2.00712; 4; 44.029; 1.81099; 0; 2.56507; 9; 38.4579; 1; 6; 0.00509741; 0.892473; 
0; 1; 1; 18; 19; 12.7266; 0.00439443; 1; 1; 0.834349; 1.44884; 2; 11.8291; 1.33909; 0; 1.68583; 4; 64.9665; 1; 6; 0.0041615; 0.75; 
0; 1; 1; 7; 8; 12.7266; 0.0059172; 1; 1; 0.838544; 1.44845; 2; 16.087; 1.2879; 0; 1.67955; 3; 15.9814; 1; 6; 0.00290064; 0.777778; 
0; 1; 1; 38; 39; 12.7266; 0.00876529; 1; 1; 1.45147; 1.54103; 3; 24.2054; 1.41913; 0; 2.41354; 5; 59.4711; 1; 6; 0.00386201; 0.883721; 
0; 1; 1; 14; 15; 12.7266; 0.00898486; 1; 1; 0.124794; 0.763277; 5; 204.524; 1.20449; 0; 2.25132; 8; 108.171; 1; 6; 0.00286125; 0.7; 
0; 1; 1; 104; 105; 12.7266; 0.0125098; 1; 1; 0.832418; 1.69788; 2; 10.0337; 1.35338; 0; 3.02236; 13; 414.535; 1; 6; 0.00605125; 0.866667; 
0; 1; 1; 35; 36; 12.7266; 0.00577764; 1; 0; 0.217392; 0.814483; 7; 1862.67; 0.784511; 0; 1.25976; 5; 281.811; 1; 6; 0.00369404; 0.777778; 
0; 1; 1; 49; 50; 12.7266; 0.0103985; 1; 1; 0.748544; 1.85939; 3; 29.297; 1.23464; 0; 1.91509; 5; 93.4384; 1; 6; 0.00559593; 0.816667; 
0; 1; 1; 12; 13; 12.7266; 0.00812653; 1; 1; 0.860521; 1.4293; 2; 11.7761; 1.41689; 0; 2.29477; 5; 91.4895; 1; 6; 0.0025316; 0.6; 
0; 1; 1; 32; 33; 12.7266; 0.00783746; 1; 1; 0.923159; 1.44473; 3; 41.7166; 1.5637; 0; 2.28002; 7; 1835.93; 1; 6; 0.00388096; 0.969697; 
0; 1; 1; 36; 37; 12.7266; 0.00897516; 1; 1; 0.835554; 1.56008; 2; 11.7301; 1.3357; 0; 1.82503; 5; 73.6091; 1; 6; 0.00412066; 0.734694; 
0; 1; 1; 34; 35; 12.7266; 0.00846154; 1; 1; 1.17824; 1.61465; 3; 23.0824; 1.68506; 0; 2.37329; 6; 204.272; 1; 6; 0.00395089; 0.85; 
0; 1; 1; 10; 11; 12.7266; 0.0112121; 1; 1; 0.841489; 1.86919; 3; 10.9764; 1.42162; 0; 1.90719; 5; 19.7407; 1; 6; 0.0026762; 0.909091; 
0; 1; 1; 11; 12; 12.7266; 0.00395434; 1; 1; 0.838709; 1.4293; 2; 11.7666; 1.17399; 0; 1.68583; 3; 24.5514; 1; 6; 0.00320732; 0.647059; 
0; 1; 1; 94; 95; 12.7266; 0.00928845; 1; 1; 1.13367; 1.54604; 3; 13.6788; 1.28694; 0; 2.3493; 10; 1074.55; 1; 6; 0.006123; 0.87037; 
0; 1; 1; 19; 20; 12.7266; 0.00834074; 1; 1; 0.868372; 1.4293; 2; 12.0778; 1.65391; 0; 2.59718; 7; 75.8963; 1; 6; 0.00440025; 0.904762; 
0; 1; 1; 79; 80; 12.7266; 0.00984979; 1; 1; 1.08521; 1.4293; 3; 45.9183; 1.46488; 0; 2.35508; 6; 224.012; 1; 6; 0.00695276; 0.908046; 
0; 1; 1; 63; 64; 12.7266; 0.0106201; 1; 1; 0.82913; 1.86919; 2; 8.09744; 1.4592; 0; 2.38446; 10; 245.823; 1; 6; 0.00526811; 0.851351; 
0; 1; 1; 42; 43; 12.7266; 0.00966047; 1; 1; 1.25846; 1.86919; 3; 7.8917; 1.68701; 0; 2.93185; 8; 92.4183; 1; 6; 0.00395252; 0.933333; 
0; 1; 1; 30; 31; 12.7266; 0.00457955; 1; 1; 0.853177; 1.4293; 2; 11.9472; 1.21677; 0; 1.84214; 7; 260.077; 1; 6; 0.00406605; 0.833333; 
0; 1; 1; 15; 16; 12.7266; 0.00863837; 1; 1; 0.873935; 1.82157; 2; 10.6729; 1.3193; 0; 1.86919; 4; 0.658443; 1; 6; 0.00488401; 0.714286; 
0; 1; 1; 5; 6; 12.7266; 0.00879395; 1; 1; 0.830764; 1.4474; 2; 11.7267; 1.51954; 0; 2.21469; 4; 27.2814; 1; 6; 0.00298694; 0.555556; 
0; 1; 1; 46; 47; 12.7266; 0.00859373; 1; 1; 0.860736; 1.4293; 2; 13.4479; 1.5122; 0; 2.44806; 9; 109.823; 1; 6; 0.00427532; 0.867925; 
0; 1; 1; 35; 36; 12.7266; 0.00482519; 1; 1; 0.206341; 0.823976; 6; 521.853; 1.16263; 0; 1.4695; 6; 69.4972; 1; 6; 0.00524055; 0.744681; 
0; 1; 1; 90; 91; 12.7266; 0.00752195; 1; 1; 0.506175; 1.2724; 4; 102.525; 0.951143; 0; 1.29987; 7; 157.109; 1; 6; 0.00648356; 0.841121; 
0; 1; 1; 14; 15; 12.7266; 0.00712087; 1; 1; 0.86831; 1.4336; 2; 11.6707; 1.30828; 0; 1.53733; 3; 20.8592; 1; 6; 0.00269559; 0.736842; 
0; 1; 1; 43; 44; 12.7266; 0.0107335; 1; 1; 0.832104; 1.67459; 2; 9.46638; 1.38455; 0; 2.40749; 6; 87.5158; 1; 6; 0.0049471; 0.895833; 
0; 1; 1; 96; 97; 12.7266; 0.00767593; 1; 1; 0.834855; 1.43212; 2; 12.0447; 1.75928; 0; 1.99456; 9; 168.952; 1; 6; 0.00655424; 0.932039; 
0; 1; 1; 18; 19; 12.7266; 0.00774063; 1; 1; 0.829379; 1.4293; 2; 11.769; 1.14452; 0; 2.10225; 7; 195.144; 1; 6; 0.00267448; 0.782609; 
0; 1; 1; 4; 5; 12.7266; 0.00814945; 1; 1; 1.25543; 1.48293; 3; 40.0739; 1.07195; 0; 1.68297; 3; 7.18368; 1; 6; 0.00246845; 0.571429; 
0; 1; 1; 17; 18; 12.7266; 0.0113434; 1; 1; 0.833359; 1.86919; 2; 7.84736; 1.63121; 0; 2.24286; 6; 97.0079; 1; 6; 0.00389937; 0.944444; 
0; 1; 1; 57; 58; 12.7266; 0.008643; 1; 1; 1.19762; 1.44304; 3; 12.0132; 1.4138; 0; 2.05271; 7; 162.976; 1; 6; 0.00508562; 0.863636; 
.
geometric_RRT Range 1.
14 common properties
intermediate_states = 0
longest_valid_segment_fraction = 0.0025
projection.cellsize.0 = 0.1
projection.cellsize.1 = 0.1
projection.cellsize_factor = 0
projection.link_2:R2.cellsize.0 = 0.1
projection.link_2:R2.cellsize.1 = 0.1
projection.link_2:R2.cellsize_factor = 0
projection.link_2:SE2.cellsize.0 = 0.1
projection.link_2:SE2.cellsize.1 = 0.1
projection.link_2:SE2.cellsize.2 = 0.1
projection.link_2:SE2.cellsize_factor = 0
range = 1
valid_segment_count_factor = 1
23 properties for each run
approx goal distance REAL
approximate solution BOOLEAN
correct solution BOOLEAN
correct solution strict BOOLEAN
graph motions INTEGER
graph states INTEGER
memory REAL
simplification time REAL
simplified correct solution BOOLEAN
simplified correct solution strict BOOLEAN
simplified solution clearance REAL
simplified solution length REAL
simplified solution segments INTEGER
simplified solution smoothness REAL
solution clearance REAL
solution difference REAL
solution length REAL
solution segments INTEGER
solution smoothness REAL
solved BOOLEAN
status ENUM
time REAL
valid segment fraction REAL
50 runs
0; 0; 1; 1; 4; 5; 12.7266; 0.00672251; 1; 1; 0.838188; 1.4293; 2; 13.12; 1.22834; 0; 1.826; 3; 22.9792; 1; 6; 0.00146039; 0.75; 
0; 0; 1; 1; 3; 4; 12.7266; 0.00714133; 1; 1; 0.866317; 1.52147; 2; 12.4259; 0.856211; 0; 1.60567; 2; 9.94279; 1; 6; 0.00279252; 0.666667; 
0; 0; 1; 1; 8; 9; 12.7266; 0.00422547; 1; 1; 0.202353; 0.819917; 6; 365.682; 0.697083; 0; 1.74934; 3; 17.3019; 1; 6; 0.00275336; 0.5; 
0; 0; 1; 1; 6; 7; 12.7266; 0.00586313; 1; 1; 0.829235; 1.50998; 2; 11.5673; 1.15282; 0; 1.57987; 3; 21.1027; 1; 6; 0.00312801; 0.625; 
0; 0; 1; 1; 4; 5; 12.7266; 0.00944129; 1; 1; 0.855366; 1.76776; 2; 10.1024; 1.06075; 0; 1.86919; 3; 10.8335; 1; 6; 0.00139234; 0.75; 
0; 0; 1; 1; 4; 5; 12.7266; 0.00830217; 1; 1; 0.8723; 1.85147; 2; 10.2573; 0.832003; 0; 1.86919; 2; 7.9367; 1; 6; 0.00279592; 0.5; 
0; 0; 1; 1; 4; 5; 12.7266; 0.0148555; 1; 1; 0.835625; 1.4293; 2; 11.7632; 1.29609; 0; 1.70093; 3; 22.8306; 1; 6; 0.00149684; 0.75; 
0; 0; 1; 1; 4; 5; 12.7266; 0.00759827; 1; 1; 1.28715; 1.4293; 3; 34.6814; 1.15979; 0; 1.51148; 3; 8.49081; 1; 6; 0.00263898; 0.5; 
0; 0; 1; 1; 4; 5; 12.7266; 0.00475362; 1; 1; 1.25923; 1.46015; 3; 17.2661; 1.15941; 0; 1.69767; 3; 18.2488; 1; 6; 0.00277471; 0.333333; 
0; 0; 1; 1; 5; 6; 12.7266; 0.00963528; 1; 1; 1.44471; 1.70489; 3; 25.5045; 1.27378; 0; 2.07044; 4; 23.799; 1; 6; 0.00160769; 0.666667; 
0; 0; 1; 1; 6; 7; 12.7266; 0.00444598; 1; 1; 0.867645; 1.51522; 2; 11.9889; 1.19282; 0; 1.72407; 3; 8.8277; 1; 6; 0.00274032; 0.625; 
0; 0; 1; 1; 4; 5; 12.7266; 0.00584444; 1; 1; 0.19691; 0.824675; 6; 1406; 0.807541; 0; 1.5162; 3; 20.5581; 1; 6; 0.00135298; 0.75; 
0; 0; 1; 1; 3; 4; 12.7266; 0.00774123; 1; 1; 0.841154; 1.4293; 2; 13.6713; 0.829247; 0; 1.4293; 2; 11.7312; 1; 6; 0.00270979; 0.4; 
0; 0; 1; 1; 4; 5; 12.7266; 0.0085683; 1; 1; 0.850103; 1.4293; 2; 13.239; 1.0834; 0; 1.48819; 3; 26.551; 1; 6; 0.002871; 0.6; 
0; 0; 1; 1; 5; 6; 12.7266; 0.00765117; 1; 1; 1.39625; 1.56333; 3; 29.3005; 1.28636; 0; 1.87865; 3; 10.9704; 1; 6; 0.00335493; 0.4; 
0; 0; 1; 1; 8; 9; 12.7266; 0.00944795; 1; 1; 0.833841; 1.78894; 2; 8.65376; 1.43537; 0; 1.95373; 4; 16.4823; 1; 6; 0.00299138; 0.466667; 
0; 0; 1; 1; 10; 11; 12.7266; 0.00863382; 1; 1; 0.857783; 1.45291; 2; 11.4703; 1.79058; 0; 2.5046; 7; 69.5382; 1; 6; 0.00294341; 0.5625; 
0; 0; 1; 1; 3; 4; 12.7266; 0.00439944; 1; 1; 0.83087; 1.6924; 2; 9.98206; 0.841564; 0; 1.85787; 2; 7.9659; 1; 6; 0.00136986; 1; 
0; 0; 1; 1; 6; 7; 12.9844; 0.00941771; 1; 1; 0.85443; 1.44301; 2; 11.5946; 1.4466; 0; 1.9341; 5; 35.7131; 1; 6; 0.00270011; 0.5; 
0; 0; 1; 1; 4; 5; 12.9844; 0.00870658; 1; 1; 1.35649; 1.4293; 3; 14.7641; 1.28224; 0; 1.57312; 3; 29.135; 1; 6; 0.00154969; 0.75; 
0; 0; 1; 1; 5; 6; 12.9844; 0.00765988; 1; 1; 0.868369; 1.55646; 2; 11.6076; 1.45249; 0; 1.81086; 4; 5.11065; 1; 6; 0.00269963; 0.4; 
0; 0; 1; 1; 4; 5; 12.9844; 0.012177; 1; 1; 0.834736; 1.86919; 2; 7.82826; 1.27605; 0; 2.21469; 3; 13.2188; 1; 6; 0.00284131; 0.6; 
0; 0; 1; 1; 4; 5; 12.9844; 0.00576209; 1; 1; 0.830232; 1.86919; 2; 7.85626; 1.14931; 0; 1.86919; 3; 2.23367e-13; 1; 6; 0.00135556; 1; 
0; 0; 1; 1; 5; 6; 12.9844; 0.00828854; 1; 1; 0.829084; 1.4293; 2; 12.3722; 1.37848; 0; 1.47133; 3; 19.9235; 1; 6; 0.00269481; 0.444444; 
0; 0; 1; 1; 4; 5; 12.9844; 0.00457688; 1; 1; 0.834436; 1.55742; 2; 10.7244; 1.30307; 0; 1.6128; 3; 18.7831; 1; 6; 0.00156054; 0.6; 
0; 0; 1; 1; 3; 4; 12.9844; 0.00272117; 1; 1; 0.849322; 1.4293; 2; 12.2385; 0.830222; 0; 1.4293; 2; 12.704; 1; 6; 0.00286759; 0.5; 
0; 0; 1; 1; 3; 4; 12.9844; 0.00417819; 1; 1; 0.829097; 1.64951; 2; 10.1265; 0.860903; 0; 1.73944; 2; 8.76716; 1; 6; 0.0014101; 0.333333; 
0; 0; 1; 1; 4; 5; 12.9844; 0.00897597; 1; 1; 0.928081; 1.86919; 3; 22.2673; 0.923249; 0; 1.86919; 3; 7.41729; 1; 6; 0.00134831; 0.6; 
0; 0; 1; 1; 3; 4; 12.9844; 0.00279867; 1; 1; 1.08588; 1.47745; 3; 30.6468; 0.835283; 0; 1.5256; 2; 10.6728; 1; 6; 0.00140824; 1; 
0; 0; 1; 1; 4; 5; 12.9844; 0.00965435; 1; 1; 0.838924; 1.83004; 2; 9.12744; 1.32539; 0; 1.88469; 3; 7.7098; 1; 6; 0.00171579; 0.6; 
0; 0; 1; 1; 8; 9; 12.9844; 0.00711006; 1; 1; 0.834132; 1.6773; 2; 9.43251; 1.39433; 0; 2.22732; 4; 22.3053; 1; 6; 0.00264623; 0.35; 
0; 0; 1; 1; 4; 5; 12.9844; 0.00878904; 1; 1; 0.863844; 1.86919; 2; 8.0629; 1.26458; 0; 1.97306; 3; 11.1556; 1; 6; 0.0032613; 0.75; 
0; 0; 1; 1; 4; 5; 12.9844; 0.00773402; 1; 1; 0.861182; 1.50883; 2; 14.0476; 1.24711; 0; 1.59983; 3; 14.3181; 1; 6; 0.00143168; 0.5; 
0; 0; 1; 1; 6; 7; 12.9844; 0.00814671; 1; 1; 0.839617; 1.54786; 2; 10.5727; 1.59127; 0; 2.08385; 5; 21.2266; 1; 6; 0.00319312; 0.5; 
0; 0; 1; 1; 4; 5; 12.9844; 0.00605507; 1; 1; 0.856616; 1.48186; 2; 11.1546; 1.14962; 0; 1.71186; 3; 11.1823; 1; 6; 0.00179785; 1; 
0; 0; 1; 1; 4; 5; 12.9844; 0.00769758; 1; 1; 1.11297; 1.5488; 3; 32.7311; 1.07734; 0; 2.05002; 3; 11.9176; 1; 6; 0.00140571; 0.75; 
0; 0; 1; 1; 3; 4; 12.9844; 0.00430601; 1; 1; 1.31656; 1.4939; 3; 18.98; 0.830172; 0; 1.55198; 2; 10.4415; 1; 6; 0.00143938; 0.666667; 
0; 0; 1; 1; 4; 5; 12.9844; 0.00705037; 1; 1; 1.16146; 1.48644; 3; 31.4606; 1.1746; 0; 1.78184; 3; 10.5131; 1; 6; 0.00141469; 0.75; 
0; 0; 1; 1; 4; 5; 12.9844; 0.00622098; 1; 1; 1.14831; 1.64355; 3; 21.8203; 1.20824; 0; 1.91703; 3; 11.9138; 1; 6; 0.00229984; 0.6; 
0; 0; 1; 1; 3; 4; 12.9844; 0.00694176; 1; 1; 0.837097; 1.4293; 2; 11.9476; 0.839495; 0; 1.60123; 2; 10.179; 1; 6; 0.00160801; 0.666667; 
0; 0; 1; 1; 4; 5; 12.9844; 0.00548557; 1; 1; 0.834801; 1.5745; 2; 10.4668; 1.17611; 0; 1.73481; 3; 11.0406; 1; 6; 0.00260626; 1; 
0; 0; 1; 1; 4; 5; 12.9844; 0.00853734; 1; 1; 1.12914; 1.4293; 3; 22.7433; 0.667921; 0; 1.63503; 3; 26.7253; 1; 6; 0.00145209; 0.6; 
0; 0; 1; 1; 6; 7; 12.9844; 0.00815662; 1; 1; 0.846982; 1.43147; 2; 11.7128; 1.53069; 0; 1.65783; 4; 16.5426; 1; 6; 0.00340082; 0.384615; 
0; 0; 1; 1; 6; 7; 12.9844; 0.0108704; 1; 1; 0.788191; 1.86919; 3; 23.3162; 1.1628; 0; 2.10509; 3; 13.8805; 1; 6; 0.00289743; 0.454545; 
0; 0; 1; 1; 3; 4; 12.9844; 0.00406226; 1; 1; 0.869486; 1.4293; 2; 12.1493; 0.859268; 0; 1.48809; 2; 11.9544; 1; 6; 0.00145056; 0.666667; 
0; 0; 1; 1; 4; 5; 12.9844; 0.00994563; 1; 1; 1.31776; 1.52899; 3; 21.746; 1.17009; 0; 1.82335; 3; 10.0635; 1; 6; 0.00150038; 1; 
0; 0; 1; 1; 3; 4; 12.9844; 0.00793701; 1; 1; 1.41106; 1.4293; 3; 22.4482; 0.860678; 0; 1.4293; 2; 11.8092; 1; 6; 0.00292534; 1; 
0; 0; 1; 1; 7; 8; 12.9844; 0.00746321; 1; 1; 0.834807; 1.62435; 2; 13.9891; 1.48218; 0; 1.99612; 4; 13.3503; 1; 6; 0.00310594; 0.285714; 
0; 0; 1; 1; 3; 4; 12.9844; 0.00337368; 1; 1; 0.864331; 1.80879; 2; 10.3044; 0.855035; 0; 1.86919; 2; 7.84329; 1; 6; 0.00275732; 1; 
0; 0; 1; 1; 4; 5; 12.9844; 0.00367365; 1; 1; 0.851473; 1.57776; 2; 10.1944; 0.834396; 0; 1.7056; 2; 9.18675; 1; 6; 0.00310675; 0.75; 
.
geometric_RRT Range 0.1.
15 common properties
goal_bias = 0.05
intermediate_states = 0
longest_valid_segment_fraction = 0.0025
projection.cellsize.0 = 0.1
projection.cellsize.1 = 0.1
projection.cellsize_factor = 0
projection.link_2:R2.cellsize.0 = 0.1
projection.link_2:R2.cellsize.1 = 0.1
projection.link_2:R2.cellsize_factor = 0
projection.link_2:SE2.cellsize.0 = 0.1
projection.link_2:SE2.cellsize.1 = 0.1
projection.link_2:SE2.cellsize.2 = 0.1
projection.link_2:SE2.cellsize_factor = 0
range = 0.1
valid_segment_count_factor = 1
22 properties for each run
approximate solution BOOLEAN
correct solution BOOLEAN
correct solution strict BOOLEAN
graph motions INTEGER
graph states INTEGER
memory REAL
simplification time REAL
simplified correct solution BOOLEAN
simplified correct solution strict BOOLEAN
simplified solution clearance REAL
simplified solution length REAL
simplified solution segments INTEGER
simplified solution smoothness REAL
solution clearance REAL
solution difference REAL
solution length REAL
solution segments INTEGER
solution smoothness REAL
solved BOOLEAN
status ENUM
time REAL
valid segment fraction REAL
50 runs
0; 1; 1; 410; 411; 12.9844; 0.0141123; 1; 1; 0.868379; 1.86919; 2; 7.96802; 1.99787; 0; 2.19162; 25; 5445.29; 1; 6; 0.0140168; 0.895197; 
0; 1; 1; 79; 80; 13.1055; 0.0070976; 1; 1; 0.089148; 0.777648; 8; 537.337; 0.300615; 0; 0.878328; 9; 560.805; 1; 6; 0.00530987; 0.840426; 
0; 1; 1; 176; 177; 13.1055; 0.00723647; 1; 0; 0.131177; 0.805404; 7; 1243.6; 0.904319; 0; 1.44637; 17; 3468.25; 1; 6; 0.0103259; 0.778761; 
0; 1; 1; 221; 222; 13.1055; 0.0100521; 1; 1; 0.843868; 1.51699; 2; 10.8496; 2.02088; 0; 2.17534; 23; 1900.41; 1; 6; 0.00871826; 0.8125; 
0; 1; 1; 298; 299; 13.1055; 0.00788446; 1; 1; 0.483895; 1.2724; 3; 61.5197; 0.86349; 0; 1.43425; 16; 941.595; 1; 6; 0.0111377; 0.846591; 
0; 1; 1; 176; 177; 13.1055; 0.00776372; 1; 1; 0.202153; 0.809878; 5; 436.609; 0.809891; 0; 1.20741; 14; 1129.58; 1; 6; 0.00780974; 0.854369; 
0; 1; 1; 491; 492; 13.1055; 0.0149963; 1; 1; 0.848562; 1.56682; 2; 10.4091; 1.88705; 0; 2.38505; 28; 2366.65; 1; 6; 0.0212675; 0.892727; 
0; 1; 1; 124; 125; 13.1055; 0.00886428; 1; 1; 1.31347; 1.44718; 3; 39.2735; 1.84635; 0; 2.19852; 24; 3456.28; 1; 6; 0.0072554; 0.873239; 
0; 1; 1; 185; 186; 13.1055; 0.00583139; 1; 0; 0.24147; 0.864054; 5; 621.442; 0.901526; 0; 1.36709; 14; 493.547; 1; 6; 0.00731094; 0.825893; 
0; 1; 1; 260; 261; 13.1055; 0.00582066; 1; 0; 0.0640665; 0.767096; 12; 3669.86; 0.45183; 0; 1.09528; 14; 2809.8; 1; 6; 0.0102692; 0.863787; 
0; 1; 1; 153; 154; 13.1055; 0.00799899; 1; 1; 0.839131; 1.4293; 2; 12.7711; 1.98386; 0; 1.80929; 19; 507.606; 1; 6; 0.00974127; 0.836066; 
0; 1; 1; 152; 153; 13.1055; 0.00889079; 1; 1; 0.20719; 0.807366; 6; 942.012; 0.698209; 0; 1.33496; 14; 593.109; 1; 6; 0.00652237; 0.849162; 
0; 1; 1; 169; 170; 13.1055; 0.00913626; 1; 1; 0.833003; 1.4293; 2; 12.3751; 1.90774; 0; 1.86974; 20; 995.26; 1; 6; 0.00634206; 0.89418; 
0; 1; 1; 225; 226; 13.1055; 0.0100676; 1; 1; 0.902168; 1.4293; 3; 16.5425; 1.95512; 0; 1.9991; 20; 1590.18; 1; 6; 0.00906154; 0.896414; 
0; 1; 1; 199; 200; 13.1055; 0.00994793; 1; 1; 1.3146; 1.4293; 3; 18.7799; 1.9623; 0; 1.99512; 22; 1809.49; 1; 6; 0.00852829; 0.783465; 
0; 1; 1; 581; 582; 13.1055; 0.0138854; 1; 1; 1.00882; 1.86919; 4; 23.6619; 1.8173; 0; 2.44211; 26; 2848.05; 1; 6; 0.0198216; 0.896605; 
0; 1; 1; 93; 94; 13.3945; 0.00982246; 1; 1; 0.873029; 1.29428; 4; 87.5658; 1.47529; 0; 1.70717; 18; 1034.21; 1; 6; 0.00543859; 0.830357; 
0; 1; 1; 92; 93; 13.3945; 0.00773482; 1; 0; 0.087763; 0.767407; 8; 1496.24; 0.797592; 0; 1.20206; 14; 1391.87; 1; 6; 0.00581177; 0.828829; 
0; 1; 1; 43; 44; 13.3945; 0.00627658; 1; 0; 0.174106; 0.773174; 6; 685.751; 0.382524; 0; 0.944139; 10; 930.29; 1; 6; 0.00251677; 0.826923; 
0; 1; 1; 378; 379; 13.3945; 0.00663038; 1; 0; 0.143315; 0.785611; 7; 359.123; 1.01289; 0; 1.40042; 15; 1675.09; 1; 6; 0.0148815; 0.87907; 
0; 1; 1; 124; 125; 13.3945; 0.00644651; 1; 0; 0.114603; 0.779126; 8; 2660.16; 0.697735; 0; 1.20653; 13; 1621.91; 1; 6; 0.00632198; 0.794872; 
0; 1; 1; 80; 81; 13.3945; 0.00998205; 1; 1; 1.35015; 1.4293; 3; 18.6211; 1.87743; 0; 1.89724; 21; 1125.63; 1; 6; 0.00523224; 0.792079; 
0; 1; 1; 326; 327; 13.3945; 0.00713495; 1; 1; 0.864674; 1.4293; 2; 11.9836; 1.95947; 0; 1.64236; 19; 1185.28; 1; 6; 0.0125352; 0.853403; 
0; 1; 1; 277; 278; 13.3945; 0.00888702; 1; 1; 0.457418; 1.2724; 3; 58.0066; 1.08729; 0; 1.88452; 21; 3025.17; 1; 6; 0.0134949; 0.90228; 
0; 1; 1; 502; 503; 13.3945; 0.00751985; 1; 1; 0.118165; 0.794637; 7; 692.673; 1.16881; 0; 1.46074; 18; 2884.18; 1; 6; 0.0168807; 0.865517; 
0; 1; 1; 86; 87; 13.3945; 0.00698251; 1; 0; 0.133012; 0.756852; 5; 115.651; 0.761183; 0; 1.26224; 14; 1048.62; 1; 6; 0.00380421; 0.819048; 
0; 1; 1; 145; 146; 13.3945; 0.0129436; 1; 1; 1.25806; 1.86919; 3; 9.01119; 2.00986; 0; 2.39013; 25; 1371.06; 1; 6; 0.00639287; 0.828571; 
0; 1; 1; 248; 249; 13.3945; 0.00626091; 1; 1; 0.17086; 0.831875; 6; 632.483; 0.606641; 0; 1.25187; 14; 2133.34; 1; 6; 0.0117646; 0.870175; 
0; 1; 1; 215; 216; 13.3945; 0.0103964; 1; 1; 0.845689; 1.4293; 2; 11.7382; 1.96723; 0; 1.64526; 17; 819.257; 1; 6; 0.00739185; 0.826923; 
0; 1; 1; 67; 68; 13.3945; 0.00864752; 1; 1; 0.866188; 1.4293; 2; 13.5378; 1.93479; 0; 1.71843; 18; 228.423; 1; 6; 0.00424897; 0.788235; 
0; 1; 1; 89; 90; 13.3945; 0.00682356; 1; 1; 0.175521; 0.809347; 6; 1191.67; 0.846414; 0; 1.38064; 15; 2305.88; 1; 6; 0.00509969; 0.881188; 
0; 1; 1; 113; 114; 13.3945; 0.0110099; 1; 1; 0.835145; 1.53587; 2; 10.874; 1.88355; 0; 1.93185; 21; 1922.67; 1; 6; 0.006122; 0.77931; 
0; 1; 1; 283; 284; 13.3945; 0.0100218; 1; 1; 0.663889; 1.2724; 4; 92.3144; 0.96648; 0; 1.50371; 16; 1371.81; 1; 6; 0.0119125; 0.862805; 
0; 1; 1; 63; 64; 13.3945; 0.00683924; 1; 0; 0.160494; 0.815975; 5; 772.703; 0.514997; 0; 1.15521; 13; 2165.19; 1; 6; 0.0049305; 0.969231; 
0; 1; 1; 137; 138; 13.3945; 0.0103644; 1; 1; 0.843915; 1.55054; 2; 12.3467; 2.02076; 0; 2.24447; 23; 2147.49; 1; 6; 0.00872276; 0.769663; 
0; 1; 1; 52; 53; 13.3945; 0.00585923; 1; 1; 0.0807793; 0.776913; 9; 3170.47; 0.63038; 0; 1.09617; 11; 1135.77; 1; 6; 0.00269288; 0.753623; 
0; 1; 1; 109; 110; 13.3945; 0.00781289; 1; 1; 0.867736; 1.43985; 2; 11.7341; 1.85467; 0; 1.90777; 20; 624.694; 1; 6; 0.00676348; 0.762238; 
0; 1; 1; 177; 178; 13.3945; 0.0055942; 1; 0; 0.109978; 0.772152; 8; 1501.01; 0.815004; 0; 1.23411; 13; 823.665; 1; 6; 0.00885557; 0.783186; 
0; 1; 1; 326; 327; 13.3945; 0.012228; 1; 1; 0.863521; 1.42938; 2; 11.7214; 2.05191; 0; 2.05713; 21; 1057.35; 1; 6; 0.0118898; 0.867021; 
0; 1; 1; 310; 311; 13.3945; 0.00660859; 1; 1; 0.106454; 0.813598; 9; 1692.79; 1.26604; 0; 1.88636; 19; 1068.18; 1; 6; 0.012271; 0.895954; 
0; 1; 1; 219; 220; 13.3945; 0.00967968; 1; 1; 0.855591; 1.4293; 2; 12.4397; 2.01894; 0; 2.01645; 22; 2050.93; 1; 6; 0.00876081; 0.829545; 
0; 1; 1; 188; 189; 13.3945; 0.00947416; 1; 1; 1.2184; 1.4293; 3; 6.22914; 2.01883; 0; 2.03633; 21; 2019.11; 1; 6; 0.00783916; 0.886792; 
0; 1; 1; 257; 258; 13.3945; 0.00851352; 1; 1; 0.520448; 1.2724; 3; 60.249; 1.23155; 0; 1.79427; 19; 2304.42; 1; 6; 0.0120055; 0.856667; 
0; 1; 1; 64; 65; 13.3945; 0.00753798; 1; 0; 0.118962; 0.769469; 6; 174.112; 0.512827; 0; 1.03589; 11; 389.662; 1; 6; 0.00414314; 0.810127; 
0; 1; 1; 224; 225; 13.3945; 0.0120466; 1; 1; 1.2812; 1.4505; 3; 21.6742; 1.98721; 0; 2.00769; 21; 2096.94; 1; 6; 0.0100749; 0.868217; 
0; 1; 1; 149; 150; 13.3945; 0.012957; 1; 1; 0.849432; 1.48649; 2; 13.5998; 2.13587; 0; 2.58347; 27; 3279.85; 1; 6; 0.00731267; 0.805405; 
0; 1; 1; 182; 183; 13.3945; 0.0107924; 1; 1; 0.467094; 1.2724; 3; 60.7066; 1.21308; 0; 1.57613; 18; 1903.45; 1; 6; 0.00866818; 0.834862; 
0; 1; 1; 503; 504; 13.3945; 0.0104392; 1; 1; 0.596625; 1.2724; 4; 137.024; 1.50906; 0; 1.97453; 23; 2038.95; 1; 6; 0.0185683; 0.890265; 
0; 1; 1; 202; 203; 13.3945; 0.0213239; 1; 1; 0.839206; 1.54487; 2; 10.6078; 1.95081; 0; 2.05554; 21; 656.331; 1; 6; 0.0145567; 0.792157; 
0; 1; 1; 249; 250; 13.3945; 0.0116535; 1; 1; 0.834461; 1.55214; 2; 15.4705; 1.8075; 0; 2.4377; 25; 2818.24; 1; 6; 0.0128493; 0.870629; 
.
geometric_KPIECE1
17 common properties
border_fraction = 0.9
failed_expansion_score_factor = 0.5
goal_bias = 0.05
longest_valid_segment_fraction = 0.0025
min_valid_path_fraction = 0.2
projection.cellsize.0 = 0.1
projection.cellsize.1 = 0.1
projection.cellsize_factor = 0
projection.link_2:R2.cellsize.0 = 0.1
projection.link_2:R2.cellsize.1 = 0.1
projection.link_2:R2.cellsize_factor = 0
projection.link_2:SE2.cellsize.0 = 0.1
projection.link_2:SE2.cellsize.1 = 0.1
projection.link_2:SE2.cellsize.2 = 0.1
projection.link_2:SE2.cellsize_factor = 0
range = 1.77715
valid_segment_count_factor = 1
22 properties for each run
approximate solution BOOLEAN
correct solution BOOLEAN
correct solution strict BOOLEAN
graph motions INTEGER
graph states INTEGER
memory REAL
simplification time REAL
simplified correct solution BOOLEAN
simplified correct solution strict BOOLEAN
simplified solution clearance REAL
simplified solution length REAL
simplified solution segments INTEGER
simplified solution smoothness REAL
solution clearance REAL
solution difference REAL
solution length REAL
solution segments INTEGER
solution smoothness REAL
solved BOOLEAN
status ENUM
time REAL
valid segment fraction REAL
50 runs
0; 1; 1; 10; 11; 13.3945; 0.00879145; 1; 0; 0.193695; 0.808945; 7; 174.998; 1.58017; 0; 4.49845; 10; 77.7153; 1; 6; 0.00510146; 0.909091; 
0; 1; 1; 40; 41; 13.3945; 0.0140382; 1; 1; 0.999542; 1.48537; 3; 22.9858; 1.36911; 0; 11.1365; 34; 1689.47; 1; 6; 0.00687934; 0.809524; 
0; 1; 1; 60; 61; 13.3945; 0.0114758; 1; 1; 0.865561; 1.4293; 2; 12.2337; 1.97295; 0; 14.6608; 39; 964.766; 1; 6; 0.010551; 0.861538; 
0; 1; 1; 54; 55; 13.3945; 0.0139036; 1; 1; 0.836339; 1.44782; 2; 16.7239; 1.81688; 0; 10.5218; 36; 1122.43; 1; 6; 0.00630609; 0.847458; 
0; 1; 1; 16; 17; 13.3945; 0.00975641; 1; 1; 0.843633; 1.70874; 2; 9.16177; 1.41697; 0; 3.75808; 10; 276.309; 1; 6; 0.00409543; 0.7; 
0; 1; 1; 378; 379; 13.9062; 0.019338; 1; 1; 0.251794; 1.28289; 4; 86.8206; 1.77335; 0; 38.4545; 119; 4510.72; 1; 6; 0.0440981; 0.809406; 
0; 1; 1; 94; 95; 13.9062; 0.0108066; 1; 0; 0.253765; 0.801404; 5; 204.271; 1.45529; 0; 17.4303; 50; 4299.92; 1; 6; 0.0123875; 0.867347; 
0; 1; 1; 5; 6; 13.9062; 0.00755137; 1; 1; 0.868158; 1.4293; 2; 12.3649; 1.48353; 0; 1.9756; 5; 162.656; 1; 6; 0.0026871; 0.714286; 
0; 1; 1; 76; 77; 13.9062; 0.0110489; 1; 1; 0.384604; 0.919058; 5; 314.492; 1.57247; 0; 18.2734; 55; 3180.35; 1; 6; 0.0101224; 0.851852; 
0; 1; 1; 16; 17; 13.9062; 0.00887117; 1; 1; 0.14641; 0.884328; 8; 447.412; 1.60141; 0; 5.48238; 16; 329.233; 1; 6; 0.0027574; 0.941176; 
0; 1; 1; 15; 16; 13.9062; 0.0131062; 1; 1; 1.33481; 1.82156; 3; 10.7958; 1.7816; 0; 5.21406; 15; 364.945; 1; 6; 0.00278088; 1; 
0; 1; 1; 46; 47; 13.9062; 0.00922773; 1; 1; 0.355698; 1.49039; 7; 560.445; 1.78698; 0; 8.87516; 25; 437.087; 1; 6; 0.00657329; 0.833333; 
0; 1; 1; 68; 69; 13.9062; 0.00912975; 1; 0; 0.131147; 0.801734; 7; 73.5145; 1.52017; 0; 8.4836; 27; 971.404; 1; 6; 0.00818739; 0.819444; 
0; 1; 1; 32; 33; 13.9062; 0.00773493; 1; 0; 0.268937; 0.86815; 5; 686.758; 1.11256; 0; 5.78211; 19; 528.399; 1; 6; 0.00521797; 0.722222; 
0; 1; 1; 34; 35; 13.9062; 0.0123215; 1; 1; 1.0461; 1.67775; 3; 16.3605; 1.73678; 0; 7.27312; 26; 1547.18; 1; 6; 0.00547531; 0.717949; 
0; 1; 1; 21; 22; 13.9062; 0.0113711; 1; 1; 0.996667; 1.51146; 3; 30.6875; 1.90747; 0; 7.21596; 18; 410.534; 1; 6; 0.00512828; 0.791667; 
0; 1; 1; 23; 24; 13.9062; 0.0100057; 1; 1; 1.25217; 1.4293; 3; 15.054; 1.39189; 0; 7.4322; 22; 886.784; 1; 6; 0.00451745; 0.75; 
0; 1; 1; 44; 45; 13.9062; 0.00821044; 1; 1; 0.685052; 1.2724; 3; 70.0065; 1.81275; 0; 4.82483; 18; 396.122; 1; 6; 0.00609204; 0.78; 
0; 1; 1; 27; 28; 13.9062; 0.00943884; 1; 1; 0.296256; 0.865049; 5; 1.16608e-14; 1.62869; 0; 9.26592; 26; 913.867; 1; 6; 0.00544693; 0.833333; 
0; 1; 1; 12; 13; 13.9062; 0.00909751; 1; 1; 1.33414; 1.53588; 3; 21.9235; 1.74721; 0; 4.40699; 12; 1617.45; 1; 6; 0.00259042; 1; 
0; 1; 1; 80; 81; 13.9062; 0.0184175; 1; 1; 1.35243; 1.80486; 3; 30.5852; 1.70378; 0; 17.5746; 56; 2112.32; 1; 6; 0.0116005; 0.758621; 
0; 1; 1; 33; 34; 13.9062; 0.00927818; 1; 1; 1.2841; 1.35564; 4; 103.467; 1.77347; 0; 6.80493; 23; 727.759; 1; 6; 0.00526436; 0.914286; 
0; 1; 1; 48; 49; 13.9062; 0.0111695; 1; 1; 0.977093; 1.1868; 4; 132.402; 1.28411; 0; 11.5223; 35; 1185.57; 1; 6; 0.00646308; 0.764706; 
0; 1; 1; 24; 25; 13.9062; 0.0140503; 1; 1; 0.797034; 1.8942; 3; 36.44; 1.431; 0; 6.46314; 22; 1043.75; 1; 6; 0.00502989; 0.777778; 
0; 1; 1; 9; 10; 13.9062; 0.00787701; 1; 1; 1.36152; 1.4293; 3; 18.2139; 1.63112; 0; 2.92792; 9; 170.14; 1; 6; 0.00265662; 1; 
0; 1; 1; 10; 11; 13.9062; 0.0100998; 1; 1; 1.25919; 1.60868; 3; 27.9067; 1.57646; 0; 2.80899; 8; 154.878; 1; 6; 0.00302409; 0.5; 
0; 1; 1; 28; 29; 13.9062; 0.00886803; 1; 1; 0.859944; 1.51973; 2; 10.7446; 1.80909; 0; 5.5882; 14; 291.56; 1; 6; 0.00690563; 0.806452; 
0; 1; 1; 6; 7; 13.9062; 0.00835236; 1; 1; 1.15771; 1.4293; 3; 17.958; 1.41189; 0; 2.27383; 6; 186.909; 1; 6; 0.00272419; 1; 
0; 1; 1; 68; 69; 13.9062; 0.0123269; 1; 1; 0.71791; 1.2724; 3; 65.9761; 1.33368; 0; 12.281; 35; 827.175; 1; 6; 0.00906958; 0.746667; 
0; 1; 1; 16; 17; 13.9062; 0.00955849; 1; 1; 0.0686924; 0.785409; 12; 3272.51; 1.35881; 0; 4.80728; 14; 547.073; 1; 6; 0.00415396; 0.722222; 
0; 1; 1; 34; 35; 13.9062; 0.014473; 1; 1; 1.01396; 1.46168; 3; 43.5912; 2.05385; 0; 11.196; 34; 1065.05; 1; 6; 0.00502321; 0.916667; 
0; 1; 1; 25; 26; 13.9062; 0.0112991; 1; 1; 0.777671; 1.4293; 3; 41.4174; 1.53139; 0; 6.42782; 19; 787.206; 1; 6; 0.00545536; 0.677419; 
0; 1; 1; 89; 90; 13.9062; 0.00820759; 1; 1; 0.0882985; 0.807221; 9; 674.338; 1.50504; 0; 11.5189; 40; 1649.64; 1; 6; 0.0105391; 0.752475; 
0; 1; 1; 11; 12; 13.9062; 0.00970145; 1; 1; 0.849105; 1.85931; 3; 22.8387; 1.56153; 0; 2.44417; 5; 111.421; 1; 6; 0.00396237; 0.714286; 
0; 1; 1; 27; 28; 13.9062; 0.0107115; 1; 1; 1.15687; 1.52549; 4; 86.4128; 1.5189; 0; 7.51818; 25; 702.66; 1; 6; 0.0052259; 0.896552; 
0; 1; 1; 15; 16; 13.9062; 0.00948505; 1; 1; 0.609938; 0.912614; 5; 144.574; 1.35222; 0; 4.70836; 15; 404.104; 1; 6; 0.00388915; 0.875; 
0; 1; 1; 63; 64; 13.9062; 0.010187; 1; 0; 0.276665; 0.817268; 6; 1201.13; 1.71197; 0; 16.0211; 52; 3390.44; 1; 6; 0.00733648; 0.850746; 
0; 1; 1; 5; 6; 13.9062; 0.00902768; 1; 1; 0.775606; 1.4293; 3; 25.137; 1.14905; 0; 1.60495; 5; 97.8477; 1; 6; 0.00149279; 0.833333; 
0; 1; 1; 41; 42; 13.9062; 0.0118544; 1; 1; 0.799463; 1.47782; 3; 30.7635; 1.60825; 0; 12.3548; 35; 1184.27; 1; 6; 0.00663225; 0.95122; 
0; 1; 1; 10; 11; 13.9062; 0.0107513; 1; 1; 1.0846; 1.41379; 4; 107.422; 1.65307; 0; 3.30343; 9; 147.815; 1; 6; 0.00289354; 0.714286; 
0; 1; 1; 194; 195; 13.9062; 0.0221126; 1; 1; 0.831349; 1.86919; 2; 8.04066; 1.63882; 0; 27.6962; 80; 4039.64; 1; 6; 0.0235649; 0.778302; 
0; 1; 1; 75; 76; 13.9062; 0.0143097; 1; 1; 1.27634; 1.48444; 3; 28.683; 1.49269; 0; 16.4132; 53; 1382.79; 1; 6; 0.00894692; 0.817073; 
0; 1; 1; 25; 26; 13.9062; 0.00887187; 1; 1; 0.317645; 0.863878; 6; 651.905; 1.55286; 0; 5.50507; 20; 907.606; 1; 6; 0.00389623; 0.714286; 
0; 1; 1; 13; 14; 13.9062; 0.00940043; 1; 1; 0.833876; 1.45159; 2; 13.0324; 1.69643; 0; 4.27655; 13; 653.318; 1; 6; 0.0038942; 0.857143; 
0; 1; 1; 79; 80; 13.9062; 0.0163827; 1; 1; 0.838023; 1.86919; 2; 8.02463; 1.63683; 0; 16.5093; 56; 1878.56; 1; 6; 0.0109729; 0.83908; 
0; 1; 1; 29; 30; 13.9062; 0.00588636; 1; 1; 0.120877; 0.781352; 8; 3688.96; 1.77841; 0; 5.63221; 17; 499.278; 1; 6; 0.00510826; 0.8; 
0; 1; 1; 7; 8; 13.9062; 0.00981228; 1; 1; 0.82937; 1.4293; 2; 12.5113; 1.41357; 0; 2.98325; 7; 148.102; 1; 6; 0.00289499; 1; 
0; 1; 1; 42; 43; 13.9062; 0.011308; 1; 1; 1.25431; 1.46684; 3; 15.5812; 1.87366; 0; 11.5995; 37; 1902.24; 1; 6; 0.00517056; 0.928571; 
0; 1; 1; 18; 19; 13.9062; 0.00959507; 1; 1; 1.25833; 1.4976; 3; 26.9803; 1.52563; 0; 5.48308; 17; 1183.41; 1; 6; 0.0041012; 0.608696; 
0; 1; 1; 51; 52; 13.9062; 0.00995954; 1; 1; 0.836631; 1.4293; 2; 11.8547; 1.45734; 0; 8.14938; 29; 1622.84; 1; 6; 0.0067027; 0.781818; 
.
geometric_PRM
13 common properties
longest_valid_segment_fraction = 0.0025
max_nearest_neighbors = 10
projection.cellsize.0 = 0.1
projection.cellsize.1 = 0.1
projection.cellsize_factor = 0
projection.link_2:R2.cellsize.0 = 0.1
projection.link_2:R2.cellsize.1 = 0.1
projection.link_2:R2.cellsize_factor = 0
projection.link_2:SE2.cellsize.0 = 0.1
projection.link_2:SE2.cellsize.1 = 0.1
projection.link_2:SE2.cellsize.2 = 0.1
projection.link_2:SE2.cellsize_factor = 0
valid_segment_count_factor = 1
26 properties for each run
approximate solution BOOLEAN
best cost REAL
correct solution BOOLEAN
correct solution strict BOOLEAN
edge count INTEGER
graph motions INTEGER
graph states INTEGER
iterations INTEGER
memory REAL
milestone count INTEGER
simplification time REAL
simplified correct solution BOOLEAN
simplified correct solution strict BOOLEAN
simplified solution clearance REAL
simplified solution length REAL
simplified solution segments INTEGER
simplified solution smoothness REAL
solution clearance REAL
solution difference REAL
solution length REAL
solution segments INTEGER
solution smoothness REAL
solved BOOLEAN
status ENUM
time REAL
valid segment fraction REAL
50 runs
0; 1.043097; 1; 1; 665; 1330; 80; 78; 14.3164; 80; 0.00764102; 1; 0; 0.0776535; 0.757036; 12; 1479.83; 0.551325; 0; 1.0431; 5; 198.066; 1; 6; 0.0763632; 0.892617; 
0; 1.272398; 1; 1; 121; 242; 20; 18; 14.3242; 20; 0.00669839; 1; 1; 0.337305; 1.2724; 3; 57.5215; 0.408847; 0; 1.2724; 3; 51.0258; 1; 6; 0.0237837; 0.834483; 
0; 1.116266; 1; 1; 358; 716; 47; 45; 14.3281; 47; 0.00636937; 1; 1; 0.142193; 0.771996; 5; 161.991; 0.780722; 0; 1.11627; 4; 139.784; 1; 6; 0.0445841; 0.862651; 
0; 1.429296; 1; 1; 65; 130; 14; 12; 14.3281; 14; 0.00823316; 1; 1; 1.19135; 1.4293; 3; 22.3143; 1.24136; 0; 1.4293; 3; 10.6881; 1; 6; 0.014733; 0.764706; 
0; 1.272398; 1; 1; 75; 150; 17; 15; 14.3281; 17; 0.00793721; 1; 1; 0.337732; 1.2724; 4; 93.7158; 0.164139; 0; 1.2724; 3; 69.225; 1; 6; 0.016178; 0.652174; 
0; 1.284492; 1; 1; 182; 364; 27; 25; 14.3281; 27; 0.00665259; 1; 1; 0.696595; 1.2724; 4; 70.3994; 0.813048; 0; 1.28449; 4; 66.5073; 1; 6; 0.0303635; 0.846512; 
0; 1.599516; 1; 1; 10; 20; 6; 4; 14.3281; 6; 0.00716003; 1; 1; 0.851301; 1.4293; 2; 11.8113; 0.8532; 0; 1.59952; 2; 12.1193; 1; 6; 0.0045111; 0.666667; 
0; 1.281719; 1; 1; 172; 344; 27; 25; 14.3281; 27; 0.00753243; 1; 1; 0.281168; 1.2724; 4; 69.2541; 0.177676; 0; 1.28172; 3; 80.9724; 1; 6; 0.0300467; 0.8; 
0; 1.201990; 1; 1; 258; 516; 35; 33; 14.3281; 35; 0.00576681; 1; 0; 0.110908; 0.779982; 7; 698.998; 0.904603; 0; 1.20199; 4; 57.2659; 1; 6; 0.0380937; 0.874576; 
0; 1.537083; 1; 1; 73; 146; 15; 13; 14.3281; 15; 0.00622758; 1; 1; 0.856104; 1.4293; 2; 12.3147; 1.23479; 0; 1.53708; 3; 23.587; 1; 6; 0.0138299; 0.768421; 
0; 1.275446; 1; 1; 219; 438; 32; 30; 14.3281; 32; 0.00408556; 1; 0; 0.145769; 0.79942; 7; 1194.55; 0.927481; 0; 1.27545; 3; 54.7984; 1; 6; 0.0342674; 0.826415; 
0; 1.555765; 1; 1; 57; 114; 13; 11; 14.3281; 13; 0.00530934; 1; 1; 0.956889; 1.4633; 3; 33.3351; 0.8372; 0; 1.55576; 2; 10.3689; 1; 6; 0.0133584; 0.76; 
0; 1.216174; 1; 1; 344; 688; 45; 43; 14.3281; 45; 0.00470731; 1; 0; 0.199935; 0.847128; 6; 805.576; 0.525984; 0; 1.21617; 3; 36.3319; 1; 6; 0.0427099; 0.870886; 
0; 1.429296; 1; 1; 49; 98; 12; 10; 14.3281; 12; 0.00565867; 1; 1; 0.967025; 1.4293; 3; 29.4663; 0.857751; 0; 1.4293; 2; 12.1109; 1; 6; 0.0130099; 0.753846; 
0; 1.429296; 1; 1; 32; 64; 10; 8; 14.3281; 10; 0.00697442; 1; 1; 0.851311; 1.4293; 2; 13.5628; 0.864351; 0; 1.4293; 2; 12.4216; 1; 6; 0.00854417; 0.711111; 
0; 1.272398; 1; 1; 246; 492; 34; 32; 14.3281; 34; 0.00804429; 1; 1; 0.412256; 1.2724; 4; 106.405; 0.39439; 0; 1.2724; 4; 85.9396; 1; 6; 0.0387744; 0.863158; 
0; 1.520086; 1; 1; 7; 14; 5; 3; 14.3281; 5; 0.0041641; 1; 1; 0.849074; 1.4293; 2; 11.8439; 0.867783; 0; 1.52009; 2; 12.2851; 1; 6; 0.00389738; 0.7; 
0; 1.345309; 1; 1; 138; 276; 22; 20; 14.3281; 22; 0.00756025; 1; 1; 0.567559; 1.2724; 4; 93.4139; 0.858122; 0; 1.34531; 4; 82.8116; 1; 6; 0.0246794; 0.836364; 
0; 1.376783; 1; 1; 68; 136; 14; 12; 14.3281; 14; 0.0057066; 1; 1; 0.163369; 0.822766; 5; 1771.47; 0.787803; 0; 1.37678; 3; 34.0488; 1; 6; 0.0159428; 0.8; 
0; 1.509295; 1; 1; 46; 92; 11; 9; 14.3281; 11; 0.00649534; 1; 1; 1.446; 1.46609; 3; 30.2971; 0.844238; 0; 1.5093; 2; 10.9276; 1; 6; 0.00953235; 0.836364; 
0; 1.366398; 1; 1; 533; 1066; 63; 61; 14.3281; 63; 0.00584359; 1; 0; 0.54185; 0.925084; 6; 425.259; 0.905886; 0; 1.3664; 5; 129.418; 1; 6; 0.0589838; 0.926957; 
0; 1.272398; 1; 1; 181; 362; 26; 24; 14.332; 26; 0.00367878; 1; 1; 0.428973; 1.2724; 3; 56.3853; 0.633225; 0; 1.2724; 4; 40.2882; 1; 6; 0.031813; 0.882927; 
0; 1.343605; 1; 1; 251; 502; 34; 32; 14.332; 34; 0.00629266; 1; 1; 0.295075; 0.846011; 6; 81.9199; 1.24335; 0; 1.34361; 4; 94.1474; 1; 6; 0.036071; 0.880702; 
0; 1.272398; 1; 1; 130; 260; 22; 20; 14.332; 22; 0.00928488; 1; 1; 0.528558; 1.2724; 4; 115.013; 0.551685; 0; 1.2724; 4; 68.115; 1; 6; 0.0248089; 0.787879; 
0; 1.429296; 1; 1; 212; 424; 30; 28; 14.332; 30; 0.0045293; 1; 1; 0.873937; 1.4293; 2; 12.9421; 1.20867; 0; 1.4293; 3; 28.8108; 1; 6; 0.0386343; 0.865306; 
0; 1.247182; 1; 1; 106; 212; 19; 17; 14.332; 19; 0.0052801; 1; 1; 0.194275; 0.868426; 5; 1411.48; 0.968189; 0; 1.24718; 4; 123.762; 1; 6; 0.0197034; 0.785185; 
0; 1.362247; 1; 1; 93; 186; 18; 16; 14.332; 18; 0.00511304; 1; 0; 0.214349; 0.773014; 7; 2056.99; 1.04311; 0; 1.36225; 4; 92.2959; 1; 6; 0.0172965; 0.744; 
0; 1.018181; 1; 1; 63; 126; 16; 14; 14.332; 16; 0.0052803; 1; 0; 0.119696; 0.795369; 6; 791.662; 0.690227; 0; 1.01818; 4; 89.6558; 1; 6; 0.0110075; 0.6; 
0; 1.613867; 1; 1; 6; 12; 6; 4; 14.332; 6; 0.00847574; 1; 1; 0.814674; 1.44242; 3; 44.1352; 1.14159; 0; 1.61387; 3; 33.0904; 1; 6; 0.00284092; 0.4; 
0; 1.316543; 1; 1; 86; 172; 16; 14; 14.332; 16; 0.00809289; 1; 1; 0.24808; 1.2724; 4; 59.8095; 0.190582; 0; 1.31654; 4; 86.194; 1; 6; 0.0176397; 0.819048; 
0; 1.272398; 1; 1; 436; 872; 55; 53; 14.332; 55; 0.00705516; 1; 1; 0.570441; 1.2724; 3; 67.0012; 0.633049; 0; 1.2724; 4; 72.649; 1; 6; 0.0507065; 0.880808; 
0; 1.429296; 1; 1; 152; 304; 24; 22; 14.332; 24; 0.00425638; 1; 1; 0.868138; 1.4293; 2; 12.7201; 1.25042; 0; 1.4293; 3; 5.15248; 1; 6; 0.0270998; 0.821622; 
0; 1.272398; 1; 1; 179; 358; 28; 26; 14.332; 28; 0.00776665; 1; 1; 0.399303; 1.2724; 3; 54.7596; 0.494261; 0; 1.2724; 3; 54.0997; 1; 6; 0.0320223; 0.795556; 
0; 1.429296; 1; 1; 38; 76; 10; 8; 14.332; 10; 0.00611174; 1; 1; 0.860479; 1.4293; 2; 11.7244; 0.831314; 0; 1.4293; 2; 12.8728; 1; 6; 0.0100761; 0.844444; 
0; 1.914690; 1; 1; 8; 16; 6; 4; 14.332; 6; 0.00923017; 1; 1; 0.84555; 1.57006; 2; 10.4065; 1.28536; 0; 1.91469; 3; 19.1929; 1; 6; 0.00395874; 0.533333; 
0; 1.459304; 1; 1; 112; 224; 19; 17; 14.332; 19; 0.00924205; 1; 1; 1.34187; 1.4293; 3; 19.7549; 1.34403; 0; 1.4593; 3; 13.1758; 1; 6; 0.0231209; 0.82963; 
0; 1.429296; 1; 1; 66; 132; 14; 12; 14.332; 14; 0.00780724; 1; 1; 0.861799; 1.4293; 2; 12.2352; 0.82913; 0; 1.4293; 2; 11.7167; 1; 6; 0.0177451; 0.776471; 
0; 1.429296; 1; 1; 29; 58; 10; 8; 14.332; 10; 0.00561859; 1; 1; 1.29927; 1.4293; 3; 15.4357; 0.832457; 0; 1.4293; 2; 11.8303; 1; 6; 0.00915158; 0.644444; 
0; 1.276394; 1; 1; 84; 168; 17; 15; 14.332; 17; 0.00532899; 1; 1; 0.177554; 0.773112; 7; 113.965; 0.814754; 0; 1.27639; 4; 72.0126; 1; 6; 0.016587; 0.730435; 
0; 1.307794; 1; 1; 41; 82; 11; 9; 14.332; 11; 0.0051177; 1; 1; 0.139791; 0.804561; 7; 1781.05; 1.0149; 0; 1.30779; 3; 75.3483; 1; 6; 0.0113582; 0.745455; 
0; 1.429296; 1; 1; 41; 82; 12; 10; 14.332; 12; 0.00593365; 1; 1; 0.852591; 1.4293; 2; 12.34; 0.833707; 0; 1.4293; 2; 11.8133; 1; 6; 0.0114665; 0.630769; 
0; 1.049336; 1; 0; 738; 1476; 86; 84; 14.332; 86; 0.00581011; 1; 0; 0.244772; 0.895034; 5; 330.255; 0.350366; 0; 1.04934; 4; 45.7181; 1; 6; 0.0745859; 0.91677; 
0; 1.723678; 1; 1; 23; 46; 9; 7; 14.332; 9; 0.00505031; 1; 1; 0.846937; 1.63649; 2; 11.4241; 1.28568; 0; 1.72368; 3; 11.8315; 1; 6; 0.00641313; 0.638889; 
0; 1.429296; 1; 1; 198; 396; 28; 26; 14.332; 28; 0.00480053; 1; 1; 0.862242; 1.4293; 2; 12.0808; 1.04714; 0; 1.4293; 3; 13.223; 1; 6; 0.0316558; 0.88; 
0; 1.024974; 1; 1; 792; 1584; 90; 88; 14.332; 90; 0.00502659; 1; 1; 0.181361; 0.819687; 5; 164.432; 0.418808; 0; 1.02497; 5; 266.74; 1; 6; 0.0778629; 0.937278; 
0; 1.429296; 1; 1; 35; 70; 11; 9; 14.332; 11; 0.00640125; 1; 1; 0.864338; 1.4293; 2; 12.0918; 0.852241; 0; 1.4293; 2; 11.9738; 1; 6; 0.00858345; 0.636364; 
0; 1.804044; 1; 1; 31; 62; 10; 8; 14.332; 10; 0.00700117; 1; 1; 0.85927; 1.60641; 2; 12.4615; 1.37856; 0; 1.80404; 3; 13.2491; 1; 6; 0.00760999; 0.688889; 
0; 1.618799; 1; 1; 115; 230; 22; 20; 14.332; 22; 0.00378688; 1; 1; 1.04629; 1.53178; 3; 25.7318; 1.45784; 0; 1.6188; 4; 0.936777; 1; 6; 0.0207117; 0.69697; 
0; 1.293207; 1; 1; 318; 636; 41; 39; 14.332; 41; 0.0124526; 1; 1; 0.490526; 1.2724; 4; 135.954; 0.54715; 0; 1.29321; 4; 74.2006; 1; 6; 0.0428581; 0.895775; 
0; 1.466475; 1; 1; 82; 164; 16; 14; 14.332; 16; 0.01151; 1; 1; 0.854791; 1.4293; 2; 12.1127; 0.854564; 0; 1.46648; 2; 13.9657; 1; 6; 0.0212505; 0.780952; 
5 progress properties for each run
best cost REAL
edge count INTEGER
iterations INTEGER
milestone count INTEGER
time REAL
50 runs
inf,420,53,55,0.0502634,;



















inf,439,51,53,0.0502182,;









1.272398,436,53,55,0.0501303,;










inf,409,50,52,0.0501979,;


inf,418,50,52,0.050162,;





.
